2019-01-10 14:21:33.160  INFO 10860 --- [restartedMain] com.hrbtblog.blog.BlogApplication        : Starting BlogApplication on WINDOWS-PLDDN38 with PID 10860 (C:\Users\shxt\IdeaProjects\gogs\blog\target\classes started by shxt in C:\Users\shxt\IdeaProjects\gogs\blog)
2019-01-10 14:21:33.183  INFO 10860 --- [restartedMain] com.hrbtblog.blog.BlogApplication        : No active profile set, falling back to default profiles: default
2019-01-10 14:21:33.348  INFO 10860 --- [restartedMain] .e.DevToolsPropertyDefaultsPostProcessor : Devtools property defaults active! Set 'spring.devtools.add-properties' to 'false' to disable
2019-01-10 14:21:33.450  INFO 10860 --- [restartedMain] .e.DevToolsPropertyDefaultsPostProcessor : For additional web related logging consider setting the 'logging.level.web' property to 'DEBUG'
2019-01-10 14:21:36.912  INFO 10860 --- [restartedMain] o.s.b.w.embedded.tomcat.TomcatWebServer  : Tomcat initialized with port(s): 8080 (http)
2019-01-10 14:21:36.959  INFO 10860 --- [restartedMain] o.apache.catalina.core.StandardService   : Starting service [Tomcat]
2019-01-10 14:21:36.959  INFO 10860 --- [restartedMain] org.apache.catalina.core.StandardEngine  : Starting Servlet Engine: Apache Tomcat/9.0.13
2019-01-10 14:21:36.974  INFO 10860 --- [restartedMain] o.a.catalina.core.AprLifecycleListener   : The APR based Apache Tomcat Native library which allows optimal performance in production environments was not found on the java.library.path: [C:\Program Files\Java\jdk1.8.0_144\bin;C:\Windows\Sun\Java\bin;C:\Windows\system32;C:\Windows;C:\ProgramData\Oracle\Java\javapath;C:\Windows\system32;C:\Windows;C:\Windows\System32\Wbem;C:\Windows\System32\WindowsPowerShell\v1.0\;C:\Program Files (x86)\VanDyke Software\Clients\;C:\Program Files\Java\jdk1.8.0_144\bin;C:\Program Files\Java\jdk1.8.0_144\jre\bin;C:\Program Files\Git\cmd;C:\Users\shxt\AppData\Local\Microsoft\WindowsApps;C:\Program Files (x86)\VanDyke Software\Clients\;.]
2019-01-10 14:21:37.232  INFO 10860 --- [restartedMain] o.a.c.c.C.[Tomcat].[localhost].[/]       : Initializing Spring embedded WebApplicationContext
2019-01-10 14:21:37.234  INFO 10860 --- [restartedMain] o.s.web.context.ContextLoader            : Root WebApplicationContext: initialization completed in 3782 ms
2019-01-10 14:21:37.865  INFO 10860 --- [restartedMain] o.s.s.concurrent.ThreadPoolTaskExecutor  : Initializing ExecutorService 'applicationTaskExecutor'
2019-01-10 14:21:38.155  WARN 10860 --- [restartedMain] org.thymeleaf.templatemode.TemplateMode  : [THYMELEAF][restartedMain] Template Mode 'LEGACYHTML5' is deprecated. Using Template Mode 'HTML' instead.
2019-01-10 14:21:38.205  INFO 10860 --- [restartedMain] o.s.b.a.w.s.WelcomePageHandlerMapping    : Adding welcome page: class path resource [static/index.html]
2019-01-10 14:21:38.343  INFO 10860 --- [restartedMain] o.s.b.d.a.OptionalLiveReloadServer       : LiveReload server is running on port 35729
2019-01-10 14:21:38.460  INFO 10860 --- [restartedMain] o.s.b.w.embedded.tomcat.TomcatWebServer  : Tomcat started on port(s): 8080 (http) with context path ''
2019-01-10 14:21:38.473  INFO 10860 --- [restartedMain] com.hrbtblog.blog.BlogApplication        : Started BlogApplication in 7.299 seconds (JVM running for 10.227)
2019-01-10 14:21:50.444  INFO 10860 --- [http-nio-8080-exec-1] o.a.c.c.C.[Tomcat].[localhost].[/]       : Initializing Spring DispatcherServlet 'dispatcherServlet'
2019-01-10 14:21:50.444  INFO 10860 --- [http-nio-8080-exec-1] o.s.web.servlet.DispatcherServlet        : Initializing Servlet 'dispatcherServlet'
2019-01-10 14:21:50.461  INFO 10860 --- [http-nio-8080-exec-1] o.s.web.servlet.DispatcherServlet        : Completed initialization in 17 ms
2019-01-10 14:48:25.243  INFO 9904 --- [restartedMain] com.hrbtblog.blog.BlogApplication        : Starting BlogApplication on WINDOWS-PLDDN38 with PID 9904 (C:\Users\shxt\IdeaProjects\gogs\blog\target\classes started by shxt in C:\Users\shxt\IdeaProjects\gogs\blog)
2019-01-10 14:48:25.259  INFO 9904 --- [restartedMain] com.hrbtblog.blog.BlogApplication        : No active profile set, falling back to default profiles: default
2019-01-10 14:48:25.467  INFO 9904 --- [restartedMain] .e.DevToolsPropertyDefaultsPostProcessor : Devtools property defaults active! Set 'spring.devtools.add-properties' to 'false' to disable
2019-01-10 14:48:25.468  INFO 9904 --- [restartedMain] .e.DevToolsPropertyDefaultsPostProcessor : For additional web related logging consider setting the 'logging.level.web' property to 'DEBUG'
2019-01-10 14:48:32.166  INFO 9904 --- [restartedMain] o.s.b.w.embedded.tomcat.TomcatWebServer  : Tomcat initialized with port(s): 8080 (http)
2019-01-10 14:48:32.284  INFO 9904 --- [restartedMain] o.apache.catalina.core.StandardService   : Starting service [Tomcat]
2019-01-10 14:48:32.284  INFO 9904 --- [restartedMain] org.apache.catalina.core.StandardEngine  : Starting Servlet Engine: Apache Tomcat/9.0.13
2019-01-10 14:48:32.312  INFO 9904 --- [restartedMain] o.a.catalina.core.AprLifecycleListener   : The APR based Apache Tomcat Native library which allows optimal performance in production environments was not found on the java.library.path: [C:\Program Files\Java\jdk1.8.0_144\bin;C:\Windows\Sun\Java\bin;C:\Windows\system32;C:\Windows;C:\ProgramData\Oracle\Java\javapath;C:\Windows\system32;C:\Windows;C:\Windows\System32\Wbem;C:\Windows\System32\WindowsPowerShell\v1.0\;C:\Program Files (x86)\VanDyke Software\Clients\;C:\Program Files\Java\jdk1.8.0_144\bin;C:\Program Files\Java\jdk1.8.0_144\jre\bin;C:\Program Files\Git\cmd;C:\Users\shxt\AppData\Local\Microsoft\WindowsApps;C:\Program Files (x86)\VanDyke Software\Clients\;.]
2019-01-10 14:48:32.735  INFO 9904 --- [restartedMain] o.a.c.c.C.[Tomcat].[localhost].[/]       : Initializing Spring embedded WebApplicationContext
2019-01-10 14:48:32.735  INFO 9904 --- [restartedMain] o.s.web.context.ContextLoader            : Root WebApplicationContext: initialization completed in 7264 ms
2019-01-10 14:48:33.740  INFO 9904 --- [restartedMain] o.s.s.concurrent.ThreadPoolTaskExecutor  : Initializing ExecutorService 'applicationTaskExecutor'
2019-01-10 14:48:34.237  WARN 9904 --- [restartedMain] org.thymeleaf.templatemode.TemplateMode  : [THYMELEAF][restartedMain] Template Mode 'LEGACYHTML5' is deprecated. Using Template Mode 'HTML' instead.
2019-01-10 14:48:34.392  INFO 9904 --- [restartedMain] o.s.b.a.w.s.WelcomePageHandlerMapping    : Adding welcome page: class path resource [static/index.html]
2019-01-10 14:48:34.779  INFO 9904 --- [restartedMain] o.s.b.d.a.OptionalLiveReloadServer       : LiveReload server is running on port 35729
2019-01-10 14:48:35.020  INFO 9904 --- [restartedMain] o.s.b.w.embedded.tomcat.TomcatWebServer  : Tomcat started on port(s): 8080 (http) with context path ''
2019-01-10 14:48:35.044  INFO 9904 --- [restartedMain] com.hrbtblog.blog.BlogApplication        : Started BlogApplication in 11.508 seconds (JVM running for 14.298)
2019-01-10 14:51:21.846  INFO 9904 --- [http-nio-8080-exec-1] o.a.c.c.C.[Tomcat].[localhost].[/]       : Initializing Spring DispatcherServlet 'dispatcherServlet'
2019-01-10 14:51:21.849  INFO 9904 --- [http-nio-8080-exec-1] o.s.web.servlet.DispatcherServlet        : Initializing Servlet 'dispatcherServlet'
2019-01-10 14:51:21.878  INFO 9904 --- [http-nio-8080-exec-1] o.s.web.servlet.DispatcherServlet        : Completed initialization in 25 ms
2019-01-10 22:46:31.762  INFO 9196 --- [restartedMain] com.hrbtblog.blog.BlogApplication        : Starting BlogApplication on DESKTOP-M114FGM with PID 9196 (E:\JAVA\WORKSPACES\github\blog\target\classes started by liudi in E:\JAVA\WORKSPACES\github\blog)
2019-01-10 22:46:31.765  INFO 9196 --- [restartedMain] com.hrbtblog.blog.BlogApplication        : No active profile set, falling back to default profiles: default
2019-01-10 22:46:31.811  INFO 9196 --- [restartedMain] .e.DevToolsPropertyDefaultsPostProcessor : Devtools property defaults active! Set 'spring.devtools.add-properties' to 'false' to disable
2019-01-10 22:46:31.811  INFO 9196 --- [restartedMain] .e.DevToolsPropertyDefaultsPostProcessor : For additional web related logging consider setting the 'logging.level.web' property to 'DEBUG'
2019-01-10 22:46:32.670  INFO 9196 --- [restartedMain] o.s.b.w.embedded.tomcat.TomcatWebServer  : Tomcat initialized with port(s): 8080 (http)
2019-01-10 22:46:32.682  INFO 9196 --- [restartedMain] o.apache.catalina.core.StandardService   : Starting service [Tomcat]
2019-01-10 22:46:32.682  INFO 9196 --- [restartedMain] org.apache.catalina.core.StandardEngine  : Starting Servlet Engine: Apache Tomcat/9.0.13
2019-01-10 22:46:32.687  INFO 9196 --- [restartedMain] o.a.catalina.core.AprLifecycleListener   : The APR based Apache Tomcat Native library which allows optimal performance in production environments was not found on the java.library.path: [C:\Program Files\Java\jdk1.8.0_172\bin;C:\Windows\Sun\Java\bin;C:\Windows\system32;C:\Windows;C:\Windows\system32;C:\Windows;C:\Windows\System32\Wbem;C:\Windows\System32\WindowsPowerShell\v1.0\;C:\Program Files (x86)\NVIDIA Corporation\PhysX\Common;C:\Program Files\Java\jdk1.8.0_172\bin;C:\Program Files\Java\jdk1.8.0_172\jre\bin;E:\JAVA\apache-maven-3.5.4\bin;E:\JAVA\mysql-5.7.23-winx64\bin;C:\Program Files\MySQL\MySQL Utilities 1.6\;C:\Program Files\MySQL\MySQL Server 5.7\bin;C:\Users\liudi\AppData\Local\Microsoft\WindowsApps;;.]
2019-01-10 22:46:32.767  INFO 9196 --- [restartedMain] o.a.c.c.C.[Tomcat].[localhost].[/]       : Initializing Spring embedded WebApplicationContext
2019-01-10 22:46:32.768  INFO 9196 --- [restartedMain] o.s.web.context.ContextLoader            : Root WebApplicationContext: initialization completed in 956 ms
2019-01-10 22:46:32.899  INFO 9196 --- [restartedMain] o.s.s.concurrent.ThreadPoolTaskExecutor  : Initializing ExecutorService 'applicationTaskExecutor'
2019-01-10 22:46:32.966  WARN 9196 --- [restartedMain] org.thymeleaf.templatemode.TemplateMode  : [THYMELEAF][restartedMain] Template Mode 'LEGACYHTML5' is deprecated. Using Template Mode 'HTML' instead.
2019-01-10 22:46:32.982  INFO 9196 --- [restartedMain] o.s.b.a.w.s.WelcomePageHandlerMapping    : Adding welcome page: class path resource [static/index.html]
2019-01-10 22:46:33.031  INFO 9196 --- [restartedMain] o.s.b.d.a.OptionalLiveReloadServer       : LiveReload server is running on port 35729
2019-01-10 22:46:33.065  INFO 9196 --- [restartedMain] o.s.b.w.embedded.tomcat.TomcatWebServer  : Tomcat started on port(s): 8080 (http) with context path ''
2019-01-10 22:46:33.067  INFO 9196 --- [restartedMain] com.hrbtblog.blog.BlogApplication        : Started BlogApplication in 1.594 seconds (JVM running for 2.391)
2019-01-10 22:47:05.527  INFO 9196 --- [http-nio-8080-exec-1] o.a.c.c.C.[Tomcat].[localhost].[/]       : Initializing Spring DispatcherServlet 'dispatcherServlet'
2019-01-10 22:47:05.527  INFO 9196 --- [http-nio-8080-exec-1] o.s.web.servlet.DispatcherServlet        : Initializing Servlet 'dispatcherServlet'
2019-01-10 22:47:05.530  INFO 9196 --- [http-nio-8080-exec-1] o.s.web.servlet.DispatcherServlet        : Completed initialization in 3 ms
2019-01-11 10:05:55.430  INFO 12184 --- [restartedMain] com.hrbtblog.blog.BlogApplication        : Starting BlogApplication on WINDOWS-PLDDN38 with PID 12184 (C:\Users\shxt\IdeaProjects\gogs\blog\target\classes started by shxt in C:\Users\shxt\IdeaProjects\gogs\blog)
2019-01-11 10:05:55.436  INFO 12184 --- [restartedMain] com.hrbtblog.blog.BlogApplication        : No active profile set, falling back to default profiles: default
2019-01-11 10:05:55.537  INFO 12184 --- [restartedMain] .e.DevToolsPropertyDefaultsPostProcessor : Devtools property defaults active! Set 'spring.devtools.add-properties' to 'false' to disable
2019-01-11 10:05:55.537  INFO 12184 --- [restartedMain] .e.DevToolsPropertyDefaultsPostProcessor : For additional web related logging consider setting the 'logging.level.web' property to 'DEBUG'
2019-01-11 10:05:58.274  INFO 12184 --- [restartedMain] o.s.b.w.embedded.tomcat.TomcatWebServer  : Tomcat initialized with port(s): 8080 (http)
2019-01-11 10:05:58.316  INFO 12184 --- [restartedMain] o.apache.catalina.core.StandardService   : Starting service [Tomcat]
2019-01-11 10:05:58.316  INFO 12184 --- [restartedMain] org.apache.catalina.core.StandardEngine  : Starting Servlet Engine: Apache Tomcat/9.0.13
2019-01-11 10:05:58.333  INFO 12184 --- [restartedMain] o.a.catalina.core.AprLifecycleListener   : The APR based Apache Tomcat Native library which allows optimal performance in production environments was not found on the java.library.path: [C:\Program Files\Java\jdk1.8.0_144\bin;C:\Windows\Sun\Java\bin;C:\Windows\system32;C:\Windows;C:\ProgramData\Oracle\Java\javapath;C:\Windows\system32;C:\Windows;C:\Windows\System32\Wbem;C:\Windows\System32\WindowsPowerShell\v1.0\;C:\Program Files (x86)\VanDyke Software\Clients\;C:\Program Files\Java\jdk1.8.0_144\bin;C:\Program Files\Java\jdk1.8.0_144\jre\bin;C:\Program Files\Git\cmd;C:\Users\shxt\AppData\Local\Microsoft\WindowsApps;C:\Program Files (x86)\VanDyke Software\Clients\;.]
2019-01-11 10:05:58.517  INFO 12184 --- [restartedMain] o.a.c.c.C.[Tomcat].[localhost].[/]       : Initializing Spring embedded WebApplicationContext
2019-01-11 10:05:58.518  INFO 12184 --- [restartedMain] o.s.web.context.ContextLoader            : Root WebApplicationContext: initialization completed in 2981 ms
2019-01-11 10:05:59.170  INFO 12184 --- [restartedMain] o.s.s.concurrent.ThreadPoolTaskExecutor  : Initializing ExecutorService 'applicationTaskExecutor'
2019-01-11 10:05:59.396  WARN 12184 --- [restartedMain] org.thymeleaf.templatemode.TemplateMode  : [THYMELEAF][restartedMain] Template Mode 'LEGACYHTML5' is deprecated. Using Template Mode 'HTML' instead.
2019-01-11 10:05:59.452  INFO 12184 --- [restartedMain] o.s.b.a.w.s.WelcomePageHandlerMapping    : Adding welcome page: class path resource [static/index.html]
2019-01-11 10:05:59.591  INFO 12184 --- [restartedMain] o.s.b.d.a.OptionalLiveReloadServer       : LiveReload server is running on port 35729
2019-01-11 10:05:59.712  INFO 12184 --- [restartedMain] o.s.b.w.embedded.tomcat.TomcatWebServer  : Tomcat started on port(s): 8080 (http) with context path ''
2019-01-11 10:05:59.723  INFO 12184 --- [restartedMain] com.hrbtblog.blog.BlogApplication        : Started BlogApplication in 5.653 seconds (JVM running for 10.36)
2019-01-11 10:06:42.149  INFO 12184 --- [http-nio-8080-exec-1] o.a.c.c.C.[Tomcat].[localhost].[/]       : Initializing Spring DispatcherServlet 'dispatcherServlet'
2019-01-11 10:06:42.150  INFO 12184 --- [http-nio-8080-exec-1] o.s.web.servlet.DispatcherServlet        : Initializing Servlet 'dispatcherServlet'
2019-01-11 10:06:42.169  INFO 12184 --- [http-nio-8080-exec-1] o.s.web.servlet.DispatcherServlet        : Completed initialization in 17 ms
2019-01-11 10:12:44.204  INFO 1752 --- [restartedMain] com.hrbtblog.blog.BlogApplication        : Starting BlogApplication on WINDOWS-PLDDN38 with PID 1752 (C:\Users\shxt\IdeaProjects\gogs\blog\target\classes started by shxt in C:\Users\shxt\IdeaProjects\gogs\blog)
2019-01-11 10:12:44.245  INFO 1752 --- [restartedMain] com.hrbtblog.blog.BlogApplication        : No active profile set, falling back to default profiles: default
2019-01-11 10:12:44.580  INFO 1752 --- [restartedMain] .e.DevToolsPropertyDefaultsPostProcessor : Devtools property defaults active! Set 'spring.devtools.add-properties' to 'false' to disable
2019-01-11 10:12:44.609  INFO 1752 --- [restartedMain] .e.DevToolsPropertyDefaultsPostProcessor : For additional web related logging consider setting the 'logging.level.web' property to 'DEBUG'
2019-01-11 10:12:51.437  INFO 1752 --- [restartedMain] o.s.b.w.embedded.tomcat.TomcatWebServer  : Tomcat initialized with port(s): 8080 (http)
2019-01-11 10:12:51.564  INFO 1752 --- [restartedMain] o.apache.catalina.core.StandardService   : Starting service [Tomcat]
2019-01-11 10:12:51.567  INFO 1752 --- [restartedMain] org.apache.catalina.core.StandardEngine  : Starting Servlet Engine: Apache Tomcat/9.0.13
2019-01-11 10:12:51.586  INFO 1752 --- [restartedMain] o.a.catalina.core.AprLifecycleListener   : The APR based Apache Tomcat Native library which allows optimal performance in production environments was not found on the java.library.path: [C:\Program Files\Java\jdk1.8.0_144\bin;C:\Windows\Sun\Java\bin;C:\Windows\system32;C:\Windows;C:\ProgramData\Oracle\Java\javapath;C:\Windows\system32;C:\Windows;C:\Windows\System32\Wbem;C:\Windows\System32\WindowsPowerShell\v1.0\;C:\Program Files (x86)\VanDyke Software\Clients\;C:\Program Files\Java\jdk1.8.0_144\bin;C:\Program Files\Java\jdk1.8.0_144\jre\bin;C:\Program Files\Git\cmd;C:\Users\shxt\AppData\Local\Microsoft\WindowsApps;C:\Program Files (x86)\VanDyke Software\Clients\;.]
2019-01-11 10:12:51.978  INFO 1752 --- [restartedMain] o.a.c.c.C.[Tomcat].[localhost].[/]       : Initializing Spring embedded WebApplicationContext
2019-01-11 10:12:51.979  INFO 1752 --- [restartedMain] o.s.web.context.ContextLoader            : Root WebApplicationContext: initialization completed in 7290 ms
2019-01-11 10:12:53.173  INFO 1752 --- [restartedMain] o.s.s.concurrent.ThreadPoolTaskExecutor  : Initializing ExecutorService 'applicationTaskExecutor'
2019-01-11 10:12:53.682  WARN 1752 --- [restartedMain] org.thymeleaf.templatemode.TemplateMode  : [THYMELEAF][restartedMain] Template Mode 'LEGACYHTML5' is deprecated. Using Template Mode 'HTML' instead.
2019-01-11 10:12:53.810  INFO 1752 --- [restartedMain] o.s.b.a.w.s.WelcomePageHandlerMapping    : Adding welcome page: class path resource [static/index.html]
2019-01-11 10:12:54.108  INFO 1752 --- [restartedMain] o.s.b.d.a.OptionalLiveReloadServer       : LiveReload server is running on port 35729
2019-01-11 10:12:54.282  INFO 1752 --- [restartedMain] o.s.b.w.embedded.tomcat.TomcatWebServer  : Tomcat started on port(s): 8080 (http) with context path ''
2019-01-11 10:12:54.299  INFO 1752 --- [restartedMain] com.hrbtblog.blog.BlogApplication        : Started BlogApplication in 12.093 seconds (JVM running for 16.429)
2019-01-11 10:14:36.423  INFO 1752 --- [http-nio-8080-exec-2] o.a.c.c.C.[Tomcat].[localhost].[/]       : Initializing Spring DispatcherServlet 'dispatcherServlet'
2019-01-11 10:14:36.424  INFO 1752 --- [http-nio-8080-exec-2] o.s.web.servlet.DispatcherServlet        : Initializing Servlet 'dispatcherServlet'
2019-01-11 10:14:36.444  INFO 1752 --- [http-nio-8080-exec-2] o.s.web.servlet.DispatcherServlet        : Completed initialization in 15 ms
2019-01-11 10:15:13.250  INFO 10288 --- [restartedMain] com.hrbtblog.blog.BlogApplication        : Starting BlogApplication on WINDOWS-PLDDN38 with PID 10288 (C:\Users\shxt\IdeaProjects\gogs\blog\target\classes started by shxt in C:\Users\shxt\IdeaProjects\gogs\blog)
2019-01-11 10:15:13.266  INFO 10288 --- [restartedMain] com.hrbtblog.blog.BlogApplication        : No active profile set, falling back to default profiles: default
2019-01-11 10:15:13.417  INFO 10288 --- [restartedMain] .e.DevToolsPropertyDefaultsPostProcessor : Devtools property defaults active! Set 'spring.devtools.add-properties' to 'false' to disable
2019-01-11 10:15:13.418  INFO 10288 --- [restartedMain] .e.DevToolsPropertyDefaultsPostProcessor : For additional web related logging consider setting the 'logging.level.web' property to 'DEBUG'
2019-01-11 10:15:19.658  INFO 10288 --- [restartedMain] o.s.b.w.embedded.tomcat.TomcatWebServer  : Tomcat initialized with port(s): 8080 (http)
2019-01-11 10:15:19.806  INFO 10288 --- [restartedMain] o.apache.catalina.core.StandardService   : Starting service [Tomcat]
2019-01-11 10:15:19.807  INFO 10288 --- [restartedMain] org.apache.catalina.core.StandardEngine  : Starting Servlet Engine: Apache Tomcat/9.0.13
2019-01-11 10:15:19.831  INFO 10288 --- [restartedMain] o.a.catalina.core.AprLifecycleListener   : The APR based Apache Tomcat Native library which allows optimal performance in production environments was not found on the java.library.path: [C:\Program Files\Java\jdk1.8.0_144\bin;C:\Windows\Sun\Java\bin;C:\Windows\system32;C:\Windows;C:\ProgramData\Oracle\Java\javapath;C:\Windows\system32;C:\Windows;C:\Windows\System32\Wbem;C:\Windows\System32\WindowsPowerShell\v1.0\;C:\Program Files (x86)\VanDyke Software\Clients\;C:\Program Files\Java\jdk1.8.0_144\bin;C:\Program Files\Java\jdk1.8.0_144\jre\bin;C:\Program Files\Git\cmd;C:\Users\shxt\AppData\Local\Microsoft\WindowsApps;C:\Program Files (x86)\VanDyke Software\Clients\;.]
2019-01-11 10:15:20.191  INFO 10288 --- [restartedMain] o.a.c.c.C.[Tomcat].[localhost].[/]       : Initializing Spring embedded WebApplicationContext
2019-01-11 10:15:20.191  INFO 10288 --- [restartedMain] o.s.web.context.ContextLoader            : Root WebApplicationContext: initialization completed in 6773 ms
2019-01-11 10:15:21.087  INFO 10288 --- [restartedMain] o.s.s.concurrent.ThreadPoolTaskExecutor  : Initializing ExecutorService 'applicationTaskExecutor'
2019-01-11 10:15:21.537  WARN 10288 --- [restartedMain] org.thymeleaf.templatemode.TemplateMode  : [THYMELEAF][restartedMain] Template Mode 'LEGACYHTML5' is deprecated. Using Template Mode 'HTML' instead.
2019-01-11 10:15:21.636  INFO 10288 --- [restartedMain] o.s.b.a.w.s.WelcomePageHandlerMapping    : Adding welcome page: class path resource [static/index.html]
2019-01-11 10:15:21.889  INFO 10288 --- [restartedMain] o.s.b.d.a.OptionalLiveReloadServer       : LiveReload server is running on port 35729
2019-01-11 10:15:22.165  INFO 10288 --- [restartedMain] o.s.b.w.embedded.tomcat.TomcatWebServer  : Tomcat started on port(s): 8080 (http) with context path ''
2019-01-11 10:15:22.180  INFO 10288 --- [restartedMain] com.hrbtblog.blog.BlogApplication        : Started BlogApplication in 10.663 seconds (JVM running for 15.107)
2019-01-11 10:16:41.247  INFO 10288 --- [http-nio-8080-exec-8] o.a.c.c.C.[Tomcat].[localhost].[/]       : Initializing Spring DispatcherServlet 'dispatcherServlet'
2019-01-11 10:16:41.249  INFO 10288 --- [http-nio-8080-exec-8] o.s.web.servlet.DispatcherServlet        : Initializing Servlet 'dispatcherServlet'
2019-01-11 10:16:41.267  INFO 10288 --- [http-nio-8080-exec-8] o.s.web.servlet.DispatcherServlet        : Completed initialization in 15 ms
2019-01-11 10:18:24.019  INFO 672 --- [restartedMain] com.hrbtblog.blog.BlogApplication        : Starting BlogApplication on WINDOWS-PLDDN38 with PID 672 (C:\Users\shxt\IdeaProjects\gogs\blog\target\classes started by shxt in C:\Users\shxt\IdeaProjects\gogs\blog)
2019-01-11 10:18:24.027  INFO 672 --- [restartedMain] com.hrbtblog.blog.BlogApplication        : No active profile set, falling back to default profiles: default
2019-01-11 10:18:24.187  INFO 672 --- [restartedMain] .e.DevToolsPropertyDefaultsPostProcessor : Devtools property defaults active! Set 'spring.devtools.add-properties' to 'false' to disable
2019-01-11 10:18:24.188  INFO 672 --- [restartedMain] .e.DevToolsPropertyDefaultsPostProcessor : For additional web related logging consider setting the 'logging.level.web' property to 'DEBUG'
2019-01-11 10:18:28.826  INFO 672 --- [restartedMain] o.s.b.w.embedded.tomcat.TomcatWebServer  : Tomcat initialized with port(s): 8080 (http)
2019-01-11 10:18:28.943  INFO 672 --- [restartedMain] o.apache.catalina.core.StandardService   : Starting service [Tomcat]
2019-01-11 10:18:28.943  INFO 672 --- [restartedMain] org.apache.catalina.core.StandardEngine  : Starting Servlet Engine: Apache Tomcat/9.0.13
2019-01-11 10:18:28.961  INFO 672 --- [restartedMain] o.a.catalina.core.AprLifecycleListener   : The APR based Apache Tomcat Native library which allows optimal performance in production environments was not found on the java.library.path: [C:\Program Files\Java\jdk1.8.0_144\bin;C:\Windows\Sun\Java\bin;C:\Windows\system32;C:\Windows;C:\ProgramData\Oracle\Java\javapath;C:\Windows\system32;C:\Windows;C:\Windows\System32\Wbem;C:\Windows\System32\WindowsPowerShell\v1.0\;C:\Program Files (x86)\VanDyke Software\Clients\;C:\Program Files\Java\jdk1.8.0_144\bin;C:\Program Files\Java\jdk1.8.0_144\jre\bin;C:\Program Files\Git\cmd;C:\Users\shxt\AppData\Local\Microsoft\WindowsApps;C:\Program Files (x86)\VanDyke Software\Clients\;.]
2019-01-11 10:18:29.338  INFO 672 --- [restartedMain] o.a.c.c.C.[Tomcat].[localhost].[/]       : Initializing Spring embedded WebApplicationContext
2019-01-11 10:18:29.339  INFO 672 --- [restartedMain] o.s.web.context.ContextLoader            : Root WebApplicationContext: initialization completed in 5150 ms
2019-01-11 10:18:29.964  INFO 672 --- [restartedMain] o.s.s.concurrent.ThreadPoolTaskExecutor  : Initializing ExecutorService 'applicationTaskExecutor'
2019-01-11 10:18:30.451  WARN 672 --- [restartedMain] org.thymeleaf.templatemode.TemplateMode  : [THYMELEAF][restartedMain] Template Mode 'LEGACYHTML5' is deprecated. Using Template Mode 'HTML' instead.
2019-01-11 10:18:30.541  INFO 672 --- [restartedMain] o.s.b.a.w.s.WelcomePageHandlerMapping    : Adding welcome page: class path resource [static/index.html]
2019-01-11 10:18:30.849  INFO 672 --- [restartedMain] o.s.b.d.a.OptionalLiveReloadServer       : LiveReload server is running on port 35729
2019-01-11 10:18:31.012  INFO 672 --- [restartedMain] o.s.b.w.embedded.tomcat.TomcatWebServer  : Tomcat started on port(s): 8080 (http) with context path ''
2019-01-11 10:18:31.025  INFO 672 --- [restartedMain] com.hrbtblog.blog.BlogApplication        : Started BlogApplication in 8.135 seconds (JVM running for 11.256)
2019-01-11 10:19:56.356  INFO 672 --- [http-nio-8080-exec-1] o.a.c.c.C.[Tomcat].[localhost].[/]       : Initializing Spring DispatcherServlet 'dispatcherServlet'
2019-01-11 10:19:56.357  INFO 672 --- [http-nio-8080-exec-1] o.s.web.servlet.DispatcherServlet        : Initializing Servlet 'dispatcherServlet'
2019-01-11 10:19:56.388  INFO 672 --- [http-nio-8080-exec-1] o.s.web.servlet.DispatcherServlet        : Completed initialization in 24 ms
2019-01-11 10:21:34.741  INFO 12616 --- [restartedMain] com.hrbtblog.blog.BlogApplication        : Starting BlogApplication on WINDOWS-PLDDN38 with PID 12616 (C:\Users\shxt\IdeaProjects\gogs\blog\target\classes started by shxt in C:\Users\shxt\IdeaProjects\gogs\blog)
2019-01-11 10:21:34.754  INFO 12616 --- [restartedMain] com.hrbtblog.blog.BlogApplication        : No active profile set, falling back to default profiles: default
2019-01-11 10:21:35.019  INFO 12616 --- [restartedMain] .e.DevToolsPropertyDefaultsPostProcessor : Devtools property defaults active! Set 'spring.devtools.add-properties' to 'false' to disable
2019-01-11 10:21:35.019  INFO 12616 --- [restartedMain] .e.DevToolsPropertyDefaultsPostProcessor : For additional web related logging consider setting the 'logging.level.web' property to 'DEBUG'
2019-01-11 10:21:39.486  INFO 12616 --- [restartedMain] o.s.b.w.embedded.tomcat.TomcatWebServer  : Tomcat initialized with port(s): 8080 (http)
2019-01-11 10:21:39.560  INFO 12616 --- [restartedMain] o.apache.catalina.core.StandardService   : Starting service [Tomcat]
2019-01-11 10:21:39.562  INFO 12616 --- [restartedMain] org.apache.catalina.core.StandardEngine  : Starting Servlet Engine: Apache Tomcat/9.0.13
2019-01-11 10:21:39.585  INFO 12616 --- [restartedMain] o.a.catalina.core.AprLifecycleListener   : The APR based Apache Tomcat Native library which allows optimal performance in production environments was not found on the java.library.path: [C:\Program Files\Java\jdk1.8.0_144\bin;C:\Windows\Sun\Java\bin;C:\Windows\system32;C:\Windows;C:\ProgramData\Oracle\Java\javapath;C:\Windows\system32;C:\Windows;C:\Windows\System32\Wbem;C:\Windows\System32\WindowsPowerShell\v1.0\;C:\Program Files (x86)\VanDyke Software\Clients\;C:\Program Files\Java\jdk1.8.0_144\bin;C:\Program Files\Java\jdk1.8.0_144\jre\bin;C:\Program Files\Git\cmd;C:\Users\shxt\AppData\Local\Microsoft\WindowsApps;C:\Program Files (x86)\VanDyke Software\Clients\;.]
2019-01-11 10:21:39.998  INFO 12616 --- [restartedMain] o.a.c.c.C.[Tomcat].[localhost].[/]       : Initializing Spring embedded WebApplicationContext
2019-01-11 10:21:39.998  INFO 12616 --- [restartedMain] o.s.web.context.ContextLoader            : Root WebApplicationContext: initialization completed in 4978 ms
2019-01-11 10:21:40.958  INFO 12616 --- [restartedMain] o.s.s.concurrent.ThreadPoolTaskExecutor  : Initializing ExecutorService 'applicationTaskExecutor'
2019-01-11 10:21:41.413  WARN 12616 --- [restartedMain] org.thymeleaf.templatemode.TemplateMode  : [THYMELEAF][restartedMain] Template Mode 'LEGACYHTML5' is deprecated. Using Template Mode 'HTML' instead.
2019-01-11 10:21:41.572  INFO 12616 --- [restartedMain] o.s.b.a.w.s.WelcomePageHandlerMapping    : Adding welcome page: class path resource [static/index.html]
2019-01-11 10:21:41.878  INFO 12616 --- [restartedMain] o.s.b.d.a.OptionalLiveReloadServer       : LiveReload server is running on port 35729
2019-01-11 10:21:42.054  INFO 12616 --- [restartedMain] o.s.b.w.embedded.tomcat.TomcatWebServer  : Tomcat started on port(s): 8080 (http) with context path ''
2019-01-11 10:21:42.069  INFO 12616 --- [restartedMain] com.hrbtblog.blog.BlogApplication        : Started BlogApplication in 8.288 seconds (JVM running for 11.594)
2019-01-11 10:22:08.795  INFO 12616 --- [http-nio-8080-exec-1] o.a.c.c.C.[Tomcat].[localhost].[/]       : Initializing Spring DispatcherServlet 'dispatcherServlet'
2019-01-11 10:22:08.796  INFO 12616 --- [http-nio-8080-exec-1] o.s.web.servlet.DispatcherServlet        : Initializing Servlet 'dispatcherServlet'
2019-01-11 10:22:08.813  INFO 12616 --- [http-nio-8080-exec-1] o.s.web.servlet.DispatcherServlet        : Completed initialization in 15 ms
2019-01-11 10:25:24.927  INFO 6040 --- [restartedMain] com.hrbtblog.blog.BlogApplication        : Starting BlogApplication on WINDOWS-PLDDN38 with PID 6040 (C:\Users\shxt\IdeaProjects\gogs\blog\target\classes started by shxt in C:\Users\shxt\IdeaProjects\gogs\blog)
2019-01-11 10:25:24.938  INFO 6040 --- [restartedMain] com.hrbtblog.blog.BlogApplication        : No active profile set, falling back to default profiles: default
2019-01-11 10:25:25.064  INFO 6040 --- [restartedMain] .e.DevToolsPropertyDefaultsPostProcessor : Devtools property defaults active! Set 'spring.devtools.add-properties' to 'false' to disable
2019-01-11 10:25:25.064  INFO 6040 --- [restartedMain] .e.DevToolsPropertyDefaultsPostProcessor : For additional web related logging consider setting the 'logging.level.web' property to 'DEBUG'
2019-01-11 10:25:30.071  INFO 6040 --- [restartedMain] o.s.b.w.embedded.tomcat.TomcatWebServer  : Tomcat initialized with port(s): 8080 (http)
2019-01-11 10:25:30.141  INFO 6040 --- [restartedMain] o.apache.catalina.core.StandardService   : Starting service [Tomcat]
2019-01-11 10:25:30.141  INFO 6040 --- [restartedMain] org.apache.catalina.core.StandardEngine  : Starting Servlet Engine: Apache Tomcat/9.0.13
2019-01-11 10:25:30.162  INFO 6040 --- [restartedMain] o.a.catalina.core.AprLifecycleListener   : The APR based Apache Tomcat Native library which allows optimal performance in production environments was not found on the java.library.path: [C:\Program Files\Java\jdk1.8.0_144\bin;C:\Windows\Sun\Java\bin;C:\Windows\system32;C:\Windows;C:\ProgramData\Oracle\Java\javapath;C:\Windows\system32;C:\Windows;C:\Windows\System32\Wbem;C:\Windows\System32\WindowsPowerShell\v1.0\;C:\Program Files (x86)\VanDyke Software\Clients\;C:\Program Files\Java\jdk1.8.0_144\bin;C:\Program Files\Java\jdk1.8.0_144\jre\bin;C:\Program Files\Git\cmd;C:\Users\shxt\AppData\Local\Microsoft\WindowsApps;C:\Program Files (x86)\VanDyke Software\Clients\;.]
2019-01-11 10:25:30.517  INFO 6040 --- [restartedMain] o.a.c.c.C.[Tomcat].[localhost].[/]       : Initializing Spring embedded WebApplicationContext
2019-01-11 10:25:30.518  INFO 6040 --- [restartedMain] o.s.web.context.ContextLoader            : Root WebApplicationContext: initialization completed in 5454 ms
2019-01-11 10:25:31.605  INFO 6040 --- [restartedMain] o.s.s.concurrent.ThreadPoolTaskExecutor  : Initializing ExecutorService 'applicationTaskExecutor'
2019-01-11 10:25:32.016  WARN 6040 --- [restartedMain] org.thymeleaf.templatemode.TemplateMode  : [THYMELEAF][restartedMain] Template Mode 'LEGACYHTML5' is deprecated. Using Template Mode 'HTML' instead.
2019-01-11 10:25:32.158  INFO 6040 --- [restartedMain] o.s.b.a.w.s.WelcomePageHandlerMapping    : Adding welcome page: class path resource [static/index.html]
2019-01-11 10:25:32.621  INFO 6040 --- [restartedMain] o.s.b.d.a.OptionalLiveReloadServer       : LiveReload server is running on port 35729
2019-01-11 10:25:32.837  INFO 6040 --- [restartedMain] o.s.b.w.embedded.tomcat.TomcatWebServer  : Tomcat started on port(s): 8080 (http) with context path ''
2019-01-11 10:25:32.868  INFO 6040 --- [restartedMain] com.hrbtblog.blog.BlogApplication        : Started BlogApplication in 9.439 seconds (JVM running for 13.588)
2019-01-11 10:26:03.324  INFO 6040 --- [http-nio-8080-exec-1] o.a.c.c.C.[Tomcat].[localhost].[/]       : Initializing Spring DispatcherServlet 'dispatcherServlet'
2019-01-11 10:26:03.331  INFO 6040 --- [http-nio-8080-exec-1] o.s.web.servlet.DispatcherServlet        : Initializing Servlet 'dispatcherServlet'
2019-01-11 10:26:03.351  INFO 6040 --- [http-nio-8080-exec-1] o.s.web.servlet.DispatcherServlet        : Completed initialization in 16 ms
2019-01-11 10:28:02.103  INFO 7856 --- [restartedMain] com.hrbtblog.blog.BlogApplication        : Starting BlogApplication on WINDOWS-PLDDN38 with PID 7856 (C:\Users\shxt\IdeaProjects\gogs\blog\target\classes started by shxt in C:\Users\shxt\IdeaProjects\gogs\blog)
2019-01-11 10:28:02.110  INFO 7856 --- [restartedMain] com.hrbtblog.blog.BlogApplication        : No active profile set, falling back to default profiles: default
2019-01-11 10:28:02.218  INFO 7856 --- [restartedMain] .e.DevToolsPropertyDefaultsPostProcessor : Devtools property defaults active! Set 'spring.devtools.add-properties' to 'false' to disable
2019-01-11 10:28:02.219  INFO 7856 --- [restartedMain] .e.DevToolsPropertyDefaultsPostProcessor : For additional web related logging consider setting the 'logging.level.web' property to 'DEBUG'
2019-01-11 10:28:06.650  INFO 7856 --- [restartedMain] o.s.b.w.embedded.tomcat.TomcatWebServer  : Tomcat initialized with port(s): 8080 (http)
2019-01-11 10:28:06.712  INFO 7856 --- [restartedMain] o.apache.catalina.core.StandardService   : Starting service [Tomcat]
2019-01-11 10:28:06.712  INFO 7856 --- [restartedMain] org.apache.catalina.core.StandardEngine  : Starting Servlet Engine: Apache Tomcat/9.0.13
2019-01-11 10:28:06.731  INFO 7856 --- [restartedMain] o.a.catalina.core.AprLifecycleListener   : The APR based Apache Tomcat Native library which allows optimal performance in production environments was not found on the java.library.path: [C:\Program Files\Java\jdk1.8.0_144\bin;C:\Windows\Sun\Java\bin;C:\Windows\system32;C:\Windows;C:\ProgramData\Oracle\Java\javapath;C:\Windows\system32;C:\Windows;C:\Windows\System32\Wbem;C:\Windows\System32\WindowsPowerShell\v1.0\;C:\Program Files (x86)\VanDyke Software\Clients\;C:\Program Files\Java\jdk1.8.0_144\bin;C:\Program Files\Java\jdk1.8.0_144\jre\bin;C:\Program Files\Git\cmd;C:\Users\shxt\AppData\Local\Microsoft\WindowsApps;C:\Program Files (x86)\VanDyke Software\Clients\;.]
2019-01-11 10:28:06.919  INFO 7856 --- [restartedMain] o.a.c.c.C.[Tomcat].[localhost].[/]       : Initializing Spring embedded WebApplicationContext
2019-01-11 10:28:06.919  INFO 7856 --- [restartedMain] o.s.web.context.ContextLoader            : Root WebApplicationContext: initialization completed in 4700 ms
2019-01-11 10:28:07.378  INFO 7856 --- [restartedMain] o.s.s.concurrent.ThreadPoolTaskExecutor  : Initializing ExecutorService 'applicationTaskExecutor'
2019-01-11 10:28:07.788  WARN 7856 --- [restartedMain] org.thymeleaf.templatemode.TemplateMode  : [THYMELEAF][restartedMain] Template Mode 'LEGACYHTML5' is deprecated. Using Template Mode 'HTML' instead.
2019-01-11 10:28:07.928  INFO 7856 --- [restartedMain] o.s.b.a.w.s.WelcomePageHandlerMapping    : Adding welcome page: class path resource [static/index.html]
2019-01-11 10:28:08.124  INFO 7856 --- [restartedMain] o.s.b.d.a.OptionalLiveReloadServer       : LiveReload server is running on port 35729
2019-01-11 10:28:08.251  INFO 7856 --- [restartedMain] o.s.b.w.embedded.tomcat.TomcatWebServer  : Tomcat started on port(s): 8080 (http) with context path ''
2019-01-11 10:28:08.259  INFO 7856 --- [restartedMain] com.hrbtblog.blog.BlogApplication        : Started BlogApplication in 7.784 seconds (JVM running for 10.318)
2019-01-11 10:28:27.095  INFO 7856 --- [http-nio-8080-exec-1] o.a.c.c.C.[Tomcat].[localhost].[/]       : Initializing Spring DispatcherServlet 'dispatcherServlet'
2019-01-11 10:28:27.097  INFO 7856 --- [http-nio-8080-exec-1] o.s.web.servlet.DispatcherServlet        : Initializing Servlet 'dispatcherServlet'
2019-01-11 10:28:27.154  INFO 7856 --- [http-nio-8080-exec-1] o.s.web.servlet.DispatcherServlet        : Completed initialization in 12 ms
2019-01-11 10:29:17.681  INFO 1140 --- [main] com.hrbtblog.blog.BlogApplicationTests   : Starting BlogApplicationTests on WINDOWS-PLDDN38 with PID 1140 (started by shxt in C:\Users\shxt\IdeaProjects\gogs\blog)
2019-01-11 10:29:17.687  INFO 1140 --- [main] com.hrbtblog.blog.BlogApplicationTests   : No active profile set, falling back to default profiles: default
2019-01-11 10:29:23.995  INFO 1140 --- [main] o.s.s.concurrent.ThreadPoolTaskExecutor  : Initializing ExecutorService 'applicationTaskExecutor'
2019-01-11 10:29:25.053  WARN 1140 --- [main] org.thymeleaf.templatemode.TemplateMode  : [THYMELEAF][main] Template Mode 'LEGACYHTML5' is deprecated. Using Template Mode 'HTML' instead.
2019-01-11 10:29:25.457  INFO 1140 --- [main] o.s.b.a.w.s.WelcomePageHandlerMapping    : Adding welcome page: class path resource [static/index.html]
2019-01-11 10:29:26.128  INFO 1140 --- [main] com.hrbtblog.blog.BlogApplicationTests   : Started BlogApplicationTests in 9.643 seconds (JVM running for 13.953)
2019-01-11 10:29:27.304  INFO 1140 --- [Thread-3] o.s.s.concurrent.ThreadPoolTaskExecutor  : Shutting down ExecutorService 'applicationTaskExecutor'
2019-01-11 10:30:05.422  INFO 10112 --- [restartedMain] com.hrbtblog.blog.BlogApplication        : Starting BlogApplication on WINDOWS-PLDDN38 with PID 10112 (C:\Users\shxt\IdeaProjects\gogs\blog\target\classes started by shxt in C:\Users\shxt\IdeaProjects\gogs\blog)
2019-01-11 10:30:05.429  INFO 10112 --- [restartedMain] com.hrbtblog.blog.BlogApplication        : No active profile set, falling back to default profiles: default
2019-01-11 10:30:05.513  INFO 10112 --- [restartedMain] .e.DevToolsPropertyDefaultsPostProcessor : Devtools property defaults active! Set 'spring.devtools.add-properties' to 'false' to disable
2019-01-11 10:30:05.513  INFO 10112 --- [restartedMain] .e.DevToolsPropertyDefaultsPostProcessor : For additional web related logging consider setting the 'logging.level.web' property to 'DEBUG'
2019-01-11 10:30:09.330  INFO 10112 --- [restartedMain] o.s.b.w.embedded.tomcat.TomcatWebServer  : Tomcat initialized with port(s): 8080 (http)
2019-01-11 10:30:09.379  INFO 10112 --- [restartedMain] o.apache.catalina.core.StandardService   : Starting service [Tomcat]
2019-01-11 10:30:09.379  INFO 10112 --- [restartedMain] org.apache.catalina.core.StandardEngine  : Starting Servlet Engine: Apache Tomcat/9.0.13
2019-01-11 10:30:09.392  INFO 10112 --- [restartedMain] o.a.catalina.core.AprLifecycleListener   : The APR based Apache Tomcat Native library which allows optimal performance in production environments was not found on the java.library.path: [C:\Program Files\Java\jdk1.8.0_144\bin;C:\Windows\Sun\Java\bin;C:\Windows\system32;C:\Windows;C:\ProgramData\Oracle\Java\javapath;C:\Windows\system32;C:\Windows;C:\Windows\System32\Wbem;C:\Windows\System32\WindowsPowerShell\v1.0\;C:\Program Files (x86)\VanDyke Software\Clients\;C:\Program Files\Java\jdk1.8.0_144\bin;C:\Program Files\Java\jdk1.8.0_144\jre\bin;C:\Program Files\Git\cmd;C:\Users\shxt\AppData\Local\Microsoft\WindowsApps;C:\Program Files (x86)\VanDyke Software\Clients\;.]
2019-01-11 10:30:09.629  INFO 10112 --- [restartedMain] o.a.c.c.C.[Tomcat].[localhost].[/]       : Initializing Spring embedded WebApplicationContext
2019-01-11 10:30:09.630  INFO 10112 --- [restartedMain] o.s.web.context.ContextLoader            : Root WebApplicationContext: initialization completed in 4116 ms
2019-01-11 10:30:10.064  INFO 10112 --- [restartedMain] o.s.s.concurrent.ThreadPoolTaskExecutor  : Initializing ExecutorService 'applicationTaskExecutor'
2019-01-11 10:30:10.327  WARN 10112 --- [restartedMain] org.thymeleaf.templatemode.TemplateMode  : [THYMELEAF][restartedMain] Template Mode 'LEGACYHTML5' is deprecated. Using Template Mode 'HTML' instead.
2019-01-11 10:30:10.381  INFO 10112 --- [restartedMain] o.s.b.a.w.s.WelcomePageHandlerMapping    : Adding welcome page: class path resource [static/index.html]
2019-01-11 10:30:10.553  INFO 10112 --- [restartedMain] o.s.b.d.a.OptionalLiveReloadServer       : LiveReload server is running on port 35729
2019-01-11 10:30:10.677  INFO 10112 --- [restartedMain] o.s.b.w.embedded.tomcat.TomcatWebServer  : Tomcat started on port(s): 8080 (http) with context path ''
2019-01-11 10:30:10.684  INFO 10112 --- [restartedMain] com.hrbtblog.blog.BlogApplication        : Started BlogApplication in 6.568 seconds (JVM running for 9.451)
2019-01-11 10:32:11.860  INFO 10112 --- [http-nio-8080-exec-1] o.a.c.c.C.[Tomcat].[localhost].[/]       : Initializing Spring DispatcherServlet 'dispatcherServlet'
2019-01-11 10:32:11.862  INFO 10112 --- [http-nio-8080-exec-1] o.s.web.servlet.DispatcherServlet        : Initializing Servlet 'dispatcherServlet'
2019-01-11 10:32:11.875  INFO 10112 --- [http-nio-8080-exec-1] o.s.web.servlet.DispatcherServlet        : Completed initialization in 12 ms
2019-01-11 14:21:14.537  INFO 13376 --- [restartedMain] com.hrbtblog.blog.BlogApplication        : Starting BlogApplication on WINDOWS-PLDDN38 with PID 13376 (C:\Users\shxt\IdeaProjects\gogs\blog\target\classes started by shxt in C:\Users\shxt\IdeaProjects\gogs\blog)
2019-01-11 14:21:14.557  INFO 13376 --- [restartedMain] com.hrbtblog.blog.BlogApplication        : No active profile set, falling back to default profiles: default
2019-01-11 14:21:14.742  INFO 13376 --- [restartedMain] .e.DevToolsPropertyDefaultsPostProcessor : Devtools property defaults active! Set 'spring.devtools.add-properties' to 'false' to disable
2019-01-11 14:21:14.744  INFO 13376 --- [restartedMain] .e.DevToolsPropertyDefaultsPostProcessor : For additional web related logging consider setting the 'logging.level.web' property to 'DEBUG'
2019-01-11 14:21:18.144  INFO 13376 --- [restartedMain] o.s.b.w.embedded.tomcat.TomcatWebServer  : Tomcat initialized with port(s): 8080 (http)
2019-01-11 14:21:18.179  INFO 13376 --- [restartedMain] o.apache.catalina.core.StandardService   : Starting service [Tomcat]
2019-01-11 14:21:18.179  INFO 13376 --- [restartedMain] org.apache.catalina.core.StandardEngine  : Starting Servlet Engine: Apache Tomcat/9.0.13
2019-01-11 14:21:18.192  INFO 13376 --- [restartedMain] o.a.catalina.core.AprLifecycleListener   : The APR based Apache Tomcat Native library which allows optimal performance in production environments was not found on the java.library.path: [C:\Program Files\Java\jdk1.8.0_144\bin;C:\Windows\Sun\Java\bin;C:\Windows\system32;C:\Windows;C:\ProgramData\Oracle\Java\javapath;C:\Windows\system32;C:\Windows;C:\Windows\System32\Wbem;C:\Windows\System32\WindowsPowerShell\v1.0\;C:\Program Files (x86)\VanDyke Software\Clients\;C:\Program Files\Java\jdk1.8.0_144\bin;C:\Program Files\Java\jdk1.8.0_144\jre\bin;C:\Program Files\Git\cmd;C:\Users\shxt\AppData\Local\Microsoft\WindowsApps;C:\Program Files (x86)\VanDyke Software\Clients\;.]
2019-01-11 14:21:18.330  INFO 13376 --- [restartedMain] o.a.c.c.C.[Tomcat].[localhost].[/]       : Initializing Spring embedded WebApplicationContext
2019-01-11 14:21:18.331  INFO 13376 --- [restartedMain] o.s.web.context.ContextLoader            : Root WebApplicationContext: initialization completed in 3583 ms
2019-01-11 14:21:18.802  INFO 13376 --- [restartedMain] o.s.s.concurrent.ThreadPoolTaskExecutor  : Initializing ExecutorService 'applicationTaskExecutor'
2019-01-11 14:21:18.968  WARN 13376 --- [restartedMain] org.thymeleaf.templatemode.TemplateMode  : [THYMELEAF][restartedMain] Template Mode 'LEGACYHTML5' is deprecated. Using Template Mode 'HTML' instead.
2019-01-11 14:21:19.009  INFO 13376 --- [restartedMain] o.s.b.a.w.s.WelcomePageHandlerMapping    : Adding welcome page: class path resource [static/index.html]
2019-01-11 14:21:19.160  INFO 13376 --- [restartedMain] o.s.b.d.a.OptionalLiveReloadServer       : LiveReload server is running on port 35729
2019-01-11 14:21:19.315  INFO 13376 --- [restartedMain] o.s.b.w.embedded.tomcat.TomcatWebServer  : Tomcat started on port(s): 8080 (http) with context path ''
2019-01-11 14:21:19.325  INFO 13376 --- [restartedMain] com.hrbtblog.blog.BlogApplication        : Started BlogApplication in 6.101 seconds (JVM running for 8.861)
2019-01-11 14:21:50.962  INFO 13376 --- [http-nio-8080-exec-1] o.a.c.c.C.[Tomcat].[localhost].[/]       : Initializing Spring DispatcherServlet 'dispatcherServlet'
2019-01-11 14:21:50.963  INFO 13376 --- [http-nio-8080-exec-1] o.s.web.servlet.DispatcherServlet        : Initializing Servlet 'dispatcherServlet'
2019-01-11 14:21:50.981  INFO 13376 --- [http-nio-8080-exec-1] o.s.web.servlet.DispatcherServlet        : Completed initialization in 15 ms
2019-01-11 14:22:17.835  INFO 12028 --- [restartedMain] com.hrbtblog.blog.BlogApplication        : Starting BlogApplication on WINDOWS-PLDDN38 with PID 12028 (C:\Users\shxt\IdeaProjects\gogs\blog\target\classes started by shxt in C:\Users\shxt\IdeaProjects\gogs\blog)
2019-01-11 14:22:17.842  INFO 12028 --- [restartedMain] com.hrbtblog.blog.BlogApplication        : No active profile set, falling back to default profiles: default
2019-01-11 14:22:18.010  INFO 12028 --- [restartedMain] .e.DevToolsPropertyDefaultsPostProcessor : Devtools property defaults active! Set 'spring.devtools.add-properties' to 'false' to disable
2019-01-11 14:22:18.011  INFO 12028 --- [restartedMain] .e.DevToolsPropertyDefaultsPostProcessor : For additional web related logging consider setting the 'logging.level.web' property to 'DEBUG'
2019-01-11 14:22:22.651  INFO 12028 --- [restartedMain] o.s.b.w.embedded.tomcat.TomcatWebServer  : Tomcat initialized with port(s): 8080 (http)
2019-01-11 14:22:22.728  INFO 12028 --- [restartedMain] o.apache.catalina.core.StandardService   : Starting service [Tomcat]
2019-01-11 14:22:22.729  INFO 12028 --- [restartedMain] org.apache.catalina.core.StandardEngine  : Starting Servlet Engine: Apache Tomcat/9.0.13
2019-01-11 14:22:22.748  INFO 12028 --- [restartedMain] o.a.catalina.core.AprLifecycleListener   : The APR based Apache Tomcat Native library which allows optimal performance in production environments was not found on the java.library.path: [C:\Program Files\Java\jdk1.8.0_144\bin;C:\Windows\Sun\Java\bin;C:\Windows\system32;C:\Windows;C:\ProgramData\Oracle\Java\javapath;C:\Windows\system32;C:\Windows;C:\Windows\System32\Wbem;C:\Windows\System32\WindowsPowerShell\v1.0\;C:\Program Files (x86)\VanDyke Software\Clients\;C:\Program Files\Java\jdk1.8.0_144\bin;C:\Program Files\Java\jdk1.8.0_144\jre\bin;C:\Program Files\Git\cmd;C:\Users\shxt\AppData\Local\Microsoft\WindowsApps;C:\Program Files (x86)\VanDyke Software\Clients\;.]
2019-01-11 14:22:23.077  INFO 12028 --- [restartedMain] o.a.c.c.C.[Tomcat].[localhost].[/]       : Initializing Spring embedded WebApplicationContext
2019-01-11 14:22:23.078  INFO 12028 --- [restartedMain] o.s.web.context.ContextLoader            : Root WebApplicationContext: initialization completed in 5067 ms
2019-01-11 14:22:23.795  INFO 12028 --- [restartedMain] o.s.s.concurrent.ThreadPoolTaskExecutor  : Initializing ExecutorService 'applicationTaskExecutor'
2019-01-11 14:22:24.081  WARN 12028 --- [restartedMain] org.thymeleaf.templatemode.TemplateMode  : [THYMELEAF][restartedMain] Template Mode 'LEGACYHTML5' is deprecated. Using Template Mode 'HTML' instead.
2019-01-11 14:22:24.144  INFO 12028 --- [restartedMain] o.s.b.a.w.s.WelcomePageHandlerMapping    : Adding welcome page: class path resource [static/index.html]
2019-01-11 14:22:24.302  INFO 12028 --- [restartedMain] o.s.b.d.a.OptionalLiveReloadServer       : LiveReload server is running on port 35729
2019-01-11 14:22:24.429  INFO 12028 --- [restartedMain] o.s.b.w.embedded.tomcat.TomcatWebServer  : Tomcat started on port(s): 8080 (http) with context path ''
2019-01-11 14:22:24.438  INFO 12028 --- [restartedMain] com.hrbtblog.blog.BlogApplication        : Started BlogApplication in 8.122 seconds (JVM running for 11.467)
2019-01-11 14:23:04.942  INFO 12028 --- [http-nio-8080-exec-1] o.a.c.c.C.[Tomcat].[localhost].[/]       : Initializing Spring DispatcherServlet 'dispatcherServlet'
2019-01-11 14:23:04.943  INFO 12028 --- [http-nio-8080-exec-1] o.s.web.servlet.DispatcherServlet        : Initializing Servlet 'dispatcherServlet'
2019-01-11 14:23:04.956  INFO 12028 --- [http-nio-8080-exec-1] o.s.web.servlet.DispatcherServlet        : Completed initialization in 12 ms
2019-01-11 14:23:44.286  INFO 8376 --- [restartedMain] com.hrbtblog.blog.BlogApplication        : Starting BlogApplication on WINDOWS-PLDDN38 with PID 8376 (C:\Users\shxt\IdeaProjects\gogs\blog\target\classes started by shxt in C:\Users\shxt\IdeaProjects\gogs\blog)
2019-01-11 14:23:44.293  INFO 8376 --- [restartedMain] com.hrbtblog.blog.BlogApplication        : No active profile set, falling back to default profiles: default
2019-01-11 14:23:44.446  INFO 8376 --- [restartedMain] .e.DevToolsPropertyDefaultsPostProcessor : Devtools property defaults active! Set 'spring.devtools.add-properties' to 'false' to disable
2019-01-11 14:23:44.447  INFO 8376 --- [restartedMain] .e.DevToolsPropertyDefaultsPostProcessor : For additional web related logging consider setting the 'logging.level.web' property to 'DEBUG'
2019-01-11 14:23:48.512  INFO 8376 --- [restartedMain] o.s.b.w.embedded.tomcat.TomcatWebServer  : Tomcat initialized with port(s): 8080 (http)
2019-01-11 14:23:48.563  INFO 8376 --- [restartedMain] o.apache.catalina.core.StandardService   : Starting service [Tomcat]
2019-01-11 14:23:48.564  INFO 8376 --- [restartedMain] org.apache.catalina.core.StandardEngine  : Starting Servlet Engine: Apache Tomcat/9.0.13
2019-01-11 14:23:48.581  INFO 8376 --- [restartedMain] o.a.catalina.core.AprLifecycleListener   : The APR based Apache Tomcat Native library which allows optimal performance in production environments was not found on the java.library.path: [C:\Program Files\Java\jdk1.8.0_144\bin;C:\Windows\Sun\Java\bin;C:\Windows\system32;C:\Windows;C:\ProgramData\Oracle\Java\javapath;C:\Windows\system32;C:\Windows;C:\Windows\System32\Wbem;C:\Windows\System32\WindowsPowerShell\v1.0\;C:\Program Files (x86)\VanDyke Software\Clients\;C:\Program Files\Java\jdk1.8.0_144\bin;C:\Program Files\Java\jdk1.8.0_144\jre\bin;C:\Program Files\Git\cmd;C:\Users\shxt\AppData\Local\Microsoft\WindowsApps;C:\Program Files (x86)\VanDyke Software\Clients\;.]
2019-01-11 14:23:48.760  INFO 8376 --- [restartedMain] o.a.c.c.C.[Tomcat].[localhost].[/]       : Initializing Spring embedded WebApplicationContext
2019-01-11 14:23:48.762  INFO 8376 --- [restartedMain] o.s.web.context.ContextLoader            : Root WebApplicationContext: initialization completed in 4313 ms
2019-01-11 14:23:49.179  INFO 8376 --- [restartedMain] o.s.s.concurrent.ThreadPoolTaskExecutor  : Initializing ExecutorService 'applicationTaskExecutor'
2019-01-11 14:23:49.360  WARN 8376 --- [restartedMain] org.thymeleaf.templatemode.TemplateMode  : [THYMELEAF][restartedMain] Template Mode 'LEGACYHTML5' is deprecated. Using Template Mode 'HTML' instead.
2019-01-11 14:23:49.418  INFO 8376 --- [restartedMain] o.s.b.a.w.s.WelcomePageHandlerMapping    : Adding welcome page: class path resource [static/index.html]
2019-01-11 14:23:49.548  INFO 8376 --- [restartedMain] o.s.b.d.a.OptionalLiveReloadServer       : LiveReload server is running on port 35729
2019-01-11 14:23:49.661  INFO 8376 --- [restartedMain] o.s.b.w.embedded.tomcat.TomcatWebServer  : Tomcat started on port(s): 8080 (http) with context path ''
2019-01-11 14:23:49.668  INFO 8376 --- [restartedMain] com.hrbtblog.blog.BlogApplication        : Started BlogApplication in 7.094 seconds (JVM running for 9.854)
2019-01-11 14:23:54.676  INFO 8376 --- [http-nio-8080-exec-1] o.a.c.c.C.[Tomcat].[localhost].[/]       : Initializing Spring DispatcherServlet 'dispatcherServlet'
2019-01-11 14:23:54.677  INFO 8376 --- [http-nio-8080-exec-1] o.s.web.servlet.DispatcherServlet        : Initializing Servlet 'dispatcherServlet'
2019-01-11 14:23:54.688  INFO 8376 --- [http-nio-8080-exec-1] o.s.web.servlet.DispatcherServlet        : Completed initialization in 10 ms
2019-01-11 14:38:06.233  INFO 12256 --- [restartedMain] com.hrbtblog.blog.BlogApplication        : Starting BlogApplication on WINDOWS-PLDDN38 with PID 12256 (C:\Users\shxt\IdeaProjects\gogs\blog\target\classes started by shxt in C:\Users\shxt\IdeaProjects\gogs\blog)
2019-01-11 14:38:06.240  INFO 12256 --- [restartedMain] com.hrbtblog.blog.BlogApplication        : No active profile set, falling back to default profiles: default
2019-01-11 14:38:06.442  INFO 12256 --- [restartedMain] .e.DevToolsPropertyDefaultsPostProcessor : Devtools property defaults active! Set 'spring.devtools.add-properties' to 'false' to disable
2019-01-11 14:38:06.467  INFO 12256 --- [restartedMain] .e.DevToolsPropertyDefaultsPostProcessor : For additional web related logging consider setting the 'logging.level.web' property to 'DEBUG'
2019-01-11 14:38:11.317  INFO 12256 --- [restartedMain] o.s.b.w.embedded.tomcat.TomcatWebServer  : Tomcat initialized with port(s): 8080 (http)
2019-01-11 14:38:11.508  INFO 12256 --- [restartedMain] o.apache.catalina.core.StandardService   : Starting service [Tomcat]
2019-01-11 14:38:11.514  INFO 12256 --- [restartedMain] org.apache.catalina.core.StandardEngine  : Starting Servlet Engine: Apache Tomcat/9.0.13
2019-01-11 14:38:11.596  INFO 12256 --- [restartedMain] o.a.catalina.core.AprLifecycleListener   : The APR based Apache Tomcat Native library which allows optimal performance in production environments was not found on the java.library.path: [C:\Program Files\Java\jdk1.8.0_144\bin;C:\Windows\Sun\Java\bin;C:\Windows\system32;C:\Windows;C:\ProgramData\Oracle\Java\javapath;C:\Windows\system32;C:\Windows;C:\Windows\System32\Wbem;C:\Windows\System32\WindowsPowerShell\v1.0\;C:\Program Files (x86)\VanDyke Software\Clients\;C:\Program Files\Java\jdk1.8.0_144\bin;C:\Program Files\Java\jdk1.8.0_144\jre\bin;C:\Program Files\Git\cmd;C:\Users\shxt\AppData\Local\Microsoft\WindowsApps;C:\Program Files (x86)\VanDyke Software\Clients\;.]
2019-01-11 14:38:11.964  INFO 12256 --- [restartedMain] o.a.c.c.C.[Tomcat].[localhost].[/]       : Initializing Spring embedded WebApplicationContext
2019-01-11 14:38:11.964  INFO 12256 --- [restartedMain] o.s.web.context.ContextLoader            : Root WebApplicationContext: initialization completed in 5448 ms
2019-01-11 14:38:12.517  INFO 12256 --- [restartedMain] o.s.s.concurrent.ThreadPoolTaskExecutor  : Initializing ExecutorService 'applicationTaskExecutor'
2019-01-11 14:38:12.957  WARN 12256 --- [restartedMain] org.thymeleaf.templatemode.TemplateMode  : [THYMELEAF][restartedMain] Template Mode 'LEGACYHTML5' is deprecated. Using Template Mode 'HTML' instead.
2019-01-11 14:38:13.192  INFO 12256 --- [restartedMain] o.s.b.a.w.s.WelcomePageHandlerMapping    : Adding welcome page: class path resource [static/index.html]
2019-01-11 14:38:13.451  INFO 12256 --- [restartedMain] o.s.b.d.a.OptionalLiveReloadServer       : LiveReload server is running on port 35729
2019-01-11 14:38:13.585  INFO 12256 --- [restartedMain] o.s.b.w.embedded.tomcat.TomcatWebServer  : Tomcat started on port(s): 8080 (http) with context path ''
2019-01-11 14:38:13.601  INFO 12256 --- [restartedMain] com.hrbtblog.blog.BlogApplication        : Started BlogApplication in 8.957 seconds (JVM running for 12.505)
2019-01-11 14:38:17.534  INFO 12256 --- [http-nio-8080-exec-2] o.a.c.c.C.[Tomcat].[localhost].[/]       : Initializing Spring DispatcherServlet 'dispatcherServlet'
2019-01-11 14:38:17.535  INFO 12256 --- [http-nio-8080-exec-2] o.s.web.servlet.DispatcherServlet        : Initializing Servlet 'dispatcherServlet'
2019-01-11 14:38:17.551  INFO 12256 --- [http-nio-8080-exec-2] o.s.web.servlet.DispatcherServlet        : Completed initialization in 14 ms
2019-01-11 14:40:45.817  INFO 14020 --- [main] com.hrbtblog.blog.BlogApplicationTests   : Starting BlogApplicationTests on WINDOWS-PLDDN38 with PID 14020 (started by shxt in C:\Users\shxt\IdeaProjects\gogs\blog)
2019-01-11 14:40:45.829  INFO 14020 --- [main] com.hrbtblog.blog.BlogApplicationTests   : No active profile set, falling back to default profiles: default
2019-01-11 14:40:51.290  INFO 14020 --- [main] o.s.s.concurrent.ThreadPoolTaskExecutor  : Initializing ExecutorService 'applicationTaskExecutor'
2019-01-11 14:40:52.265  WARN 14020 --- [main] org.thymeleaf.templatemode.TemplateMode  : [THYMELEAF][main] Template Mode 'LEGACYHTML5' is deprecated. Using Template Mode 'HTML' instead.
2019-01-11 14:40:52.665  INFO 14020 --- [main] o.s.b.a.w.s.WelcomePageHandlerMapping    : Adding welcome page: class path resource [static/index.html]
2019-01-11 14:40:53.561  INFO 14020 --- [main] com.hrbtblog.blog.BlogApplicationTests   : Started BlogApplicationTests in 9.043 seconds (JVM running for 11.746)
2019-01-11 14:40:54.676  INFO 14020 --- [Thread-3] o.s.s.concurrent.ThreadPoolTaskExecutor  : Shutting down ExecutorService 'applicationTaskExecutor'
2019-01-11 14:42:30.697  INFO 5352 --- [restartedMain] com.hrbtblog.blog.BlogApplication        : Starting BlogApplication on WINDOWS-PLDDN38 with PID 5352 (C:\Users\shxt\IdeaProjects\gogs\blog\target\classes started by shxt in C:\Users\shxt\IdeaProjects\gogs\blog)
2019-01-11 14:42:30.706  INFO 5352 --- [restartedMain] com.hrbtblog.blog.BlogApplication        : No active profile set, falling back to default profiles: default
2019-01-11 14:42:30.818  INFO 5352 --- [restartedMain] .e.DevToolsPropertyDefaultsPostProcessor : Devtools property defaults active! Set 'spring.devtools.add-properties' to 'false' to disable
2019-01-11 14:42:30.820  INFO 5352 --- [restartedMain] .e.DevToolsPropertyDefaultsPostProcessor : For additional web related logging consider setting the 'logging.level.web' property to 'DEBUG'
2019-01-11 14:42:34.781  INFO 5352 --- [restartedMain] o.s.b.w.embedded.tomcat.TomcatWebServer  : Tomcat initialized with port(s): 8080 (http)
2019-01-11 14:42:34.816  INFO 5352 --- [restartedMain] o.apache.catalina.core.StandardService   : Starting service [Tomcat]
2019-01-11 14:42:34.819  INFO 5352 --- [restartedMain] org.apache.catalina.core.StandardEngine  : Starting Servlet Engine: Apache Tomcat/9.0.13
2019-01-11 14:42:34.832  INFO 5352 --- [restartedMain] o.a.catalina.core.AprLifecycleListener   : The APR based Apache Tomcat Native library which allows optimal performance in production environments was not found on the java.library.path: [C:\Program Files\Java\jdk1.8.0_144\bin;C:\Windows\Sun\Java\bin;C:\Windows\system32;C:\Windows;C:\ProgramData\Oracle\Java\javapath;C:\Windows\system32;C:\Windows;C:\Windows\System32\Wbem;C:\Windows\System32\WindowsPowerShell\v1.0\;C:\Program Files (x86)\VanDyke Software\Clients\;C:\Program Files\Java\jdk1.8.0_144\bin;C:\Program Files\Java\jdk1.8.0_144\jre\bin;C:\Program Files\Git\cmd;C:\Users\shxt\AppData\Local\Microsoft\WindowsApps;C:\Program Files (x86)\VanDyke Software\Clients\;.]
2019-01-11 14:42:35.147  INFO 5352 --- [restartedMain] o.a.c.c.C.[Tomcat].[localhost].[/]       : Initializing Spring embedded WebApplicationContext
2019-01-11 14:42:35.148  INFO 5352 --- [restartedMain] o.s.web.context.ContextLoader            : Root WebApplicationContext: initialization completed in 4316 ms
2019-01-11 14:42:35.512  INFO 5352 --- [restartedMain] o.s.s.concurrent.ThreadPoolTaskExecutor  : Initializing ExecutorService 'applicationTaskExecutor'
2019-01-11 14:42:35.671  WARN 5352 --- [restartedMain] org.thymeleaf.templatemode.TemplateMode  : [THYMELEAF][restartedMain] Template Mode 'LEGACYHTML5' is deprecated. Using Template Mode 'HTML' instead.
2019-01-11 14:42:35.711  INFO 5352 --- [restartedMain] o.s.b.a.w.s.WelcomePageHandlerMapping    : Adding welcome page: class path resource [static/index.html]
2019-01-11 14:42:35.846  INFO 5352 --- [restartedMain] o.s.b.d.a.OptionalLiveReloadServer       : LiveReload server is running on port 35729
2019-01-11 14:42:35.938  INFO 5352 --- [restartedMain] o.s.b.w.embedded.tomcat.TomcatWebServer  : Tomcat started on port(s): 8080 (http) with context path ''
2019-01-11 14:42:35.944  INFO 5352 --- [restartedMain] com.hrbtblog.blog.BlogApplication        : Started BlogApplication in 6.493 seconds (JVM running for 9.163)
2019-01-11 14:43:46.537  INFO 5352 --- [http-nio-8080-exec-1] o.a.c.c.C.[Tomcat].[localhost].[/]       : Initializing Spring DispatcherServlet 'dispatcherServlet'
2019-01-11 14:43:46.537  INFO 5352 --- [http-nio-8080-exec-1] o.s.web.servlet.DispatcherServlet        : Initializing Servlet 'dispatcherServlet'
2019-01-11 14:43:46.555  INFO 5352 --- [http-nio-8080-exec-1] o.s.web.servlet.DispatcherServlet        : Completed initialization in 10 ms
2019-01-11 15:01:19.270  INFO 10900 --- [restartedMain] com.hrbtblog.blog.BlogApplication        : Starting BlogApplication on WINDOWS-PLDDN38 with PID 10900 (C:\Users\shxt\IdeaProjects\gogs\blog\target\classes started by shxt in C:\Users\shxt\IdeaProjects\gogs\blog)
2019-01-11 15:01:19.276  INFO 10900 --- [restartedMain] com.hrbtblog.blog.BlogApplication        : No active profile set, falling back to default profiles: default
2019-01-11 15:01:19.551  INFO 10900 --- [restartedMain] .e.DevToolsPropertyDefaultsPostProcessor : Devtools property defaults active! Set 'spring.devtools.add-properties' to 'false' to disable
2019-01-11 15:01:19.552  INFO 10900 --- [restartedMain] .e.DevToolsPropertyDefaultsPostProcessor : For additional web related logging consider setting the 'logging.level.web' property to 'DEBUG'
2019-01-11 15:01:22.984  INFO 10900 --- [restartedMain] o.s.b.w.embedded.tomcat.TomcatWebServer  : Tomcat initialized with port(s): 8080 (http)
2019-01-11 15:01:23.023  INFO 10900 --- [restartedMain] o.apache.catalina.core.StandardService   : Starting service [Tomcat]
2019-01-11 15:01:23.023  INFO 10900 --- [restartedMain] org.apache.catalina.core.StandardEngine  : Starting Servlet Engine: Apache Tomcat/9.0.13
2019-01-11 15:01:23.036  INFO 10900 --- [restartedMain] o.a.catalina.core.AprLifecycleListener   : The APR based Apache Tomcat Native library which allows optimal performance in production environments was not found on the java.library.path: [C:\Program Files\Java\jdk1.8.0_144\bin;C:\Windows\Sun\Java\bin;C:\Windows\system32;C:\Windows;C:\ProgramData\Oracle\Java\javapath;C:\Windows\system32;C:\Windows;C:\Windows\System32\Wbem;C:\Windows\System32\WindowsPowerShell\v1.0\;C:\Program Files (x86)\VanDyke Software\Clients\;C:\Program Files\Java\jdk1.8.0_144\bin;C:\Program Files\Java\jdk1.8.0_144\jre\bin;C:\Program Files\Git\cmd;C:\Users\shxt\AppData\Local\Microsoft\WindowsApps;C:\Program Files (x86)\VanDyke Software\Clients\;.]
2019-01-11 15:01:23.222  INFO 10900 --- [restartedMain] o.a.c.c.C.[Tomcat].[localhost].[/]       : Initializing Spring embedded WebApplicationContext
2019-01-11 15:01:23.222  INFO 10900 --- [restartedMain] o.s.web.context.ContextLoader            : Root WebApplicationContext: initialization completed in 3670 ms
2019-01-11 15:01:23.533  INFO 10900 --- [restartedMain] o.s.s.concurrent.ThreadPoolTaskExecutor  : Initializing ExecutorService 'applicationTaskExecutor'
2019-01-11 15:01:23.719  WARN 10900 --- [restartedMain] org.thymeleaf.templatemode.TemplateMode  : [THYMELEAF][restartedMain] Template Mode 'LEGACYHTML5' is deprecated. Using Template Mode 'HTML' instead.
2019-01-11 15:01:23.752  INFO 10900 --- [restartedMain] o.s.b.a.w.s.WelcomePageHandlerMapping    : Adding welcome page: class path resource [static/index.html]
2019-01-11 15:01:23.860  INFO 10900 --- [restartedMain] o.s.b.d.a.OptionalLiveReloadServer       : LiveReload server is running on port 35729
2019-01-11 15:01:23.936  INFO 10900 --- [restartedMain] o.s.b.w.embedded.tomcat.TomcatWebServer  : Tomcat started on port(s): 8080 (http) with context path ''
2019-01-11 15:01:23.942  INFO 10900 --- [restartedMain] com.hrbtblog.blog.BlogApplication        : Started BlogApplication in 5.762 seconds (JVM running for 8.87)
2019-01-11 15:15:52.334  INFO 7672 --- [restartedMain] com.hrbtblog.blog.BlogApplication        : Starting BlogApplication on WINDOWS-PLDDN38 with PID 7672 (C:\Users\shxt\IdeaProjects\gogs\blog\target\classes started by shxt in C:\Users\shxt\IdeaProjects\gogs\blog)
2019-01-11 15:15:52.364  INFO 7672 --- [restartedMain] com.hrbtblog.blog.BlogApplication        : No active profile set, falling back to default profiles: default
2019-01-11 15:15:52.745  INFO 7672 --- [restartedMain] .e.DevToolsPropertyDefaultsPostProcessor : Devtools property defaults active! Set 'spring.devtools.add-properties' to 'false' to disable
2019-01-11 15:15:52.915  INFO 7672 --- [restartedMain] .e.DevToolsPropertyDefaultsPostProcessor : For additional web related logging consider setting the 'logging.level.web' property to 'DEBUG'
2019-01-11 15:15:57.914  INFO 7672 --- [restartedMain] o.s.b.w.embedded.tomcat.TomcatWebServer  : Tomcat initialized with port(s): 8080 (http)
2019-01-11 15:15:57.955  INFO 7672 --- [restartedMain] o.apache.catalina.core.StandardService   : Starting service [Tomcat]
2019-01-11 15:15:57.956  INFO 7672 --- [restartedMain] org.apache.catalina.core.StandardEngine  : Starting Servlet Engine: Apache Tomcat/9.0.13
2019-01-11 15:15:57.969  INFO 7672 --- [restartedMain] o.a.catalina.core.AprLifecycleListener   : The APR based Apache Tomcat Native library which allows optimal performance in production environments was not found on the java.library.path: [C:\Program Files\Java\jdk1.8.0_144\bin;C:\Windows\Sun\Java\bin;C:\Windows\system32;C:\Windows;C:\ProgramData\Oracle\Java\javapath;C:\Windows\system32;C:\Windows;C:\Windows\System32\Wbem;C:\Windows\System32\WindowsPowerShell\v1.0\;C:\Program Files (x86)\VanDyke Software\Clients\;C:\Program Files\Java\jdk1.8.0_144\bin;C:\Program Files\Java\jdk1.8.0_144\jre\bin;C:\Program Files\Git\cmd;C:\Users\shxt\AppData\Local\Microsoft\WindowsApps;C:\Program Files (x86)\VanDyke Software\Clients\;.]
2019-01-11 15:15:58.115  INFO 7672 --- [restartedMain] o.a.c.c.C.[Tomcat].[localhost].[/]       : Initializing Spring embedded WebApplicationContext
2019-01-11 15:15:58.116  INFO 7672 --- [restartedMain] o.s.web.context.ContextLoader            : Root WebApplicationContext: initialization completed in 5042 ms
2019-01-11 15:15:58.542  INFO 7672 --- [restartedMain] o.s.s.concurrent.ThreadPoolTaskExecutor  : Initializing ExecutorService 'applicationTaskExecutor'
2019-01-11 15:15:58.718  WARN 7672 --- [restartedMain] org.thymeleaf.templatemode.TemplateMode  : [THYMELEAF][restartedMain] Template Mode 'LEGACYHTML5' is deprecated. Using Template Mode 'HTML' instead.
2019-01-11 15:15:58.781  INFO 7672 --- [restartedMain] o.s.b.a.w.s.WelcomePageHandlerMapping    : Adding welcome page: class path resource [static/index.html]
2019-01-11 15:15:58.944  INFO 7672 --- [restartedMain] o.s.b.d.a.OptionalLiveReloadServer       : LiveReload server is running on port 35729
2019-01-11 15:15:59.096  INFO 7672 --- [restartedMain] o.s.b.w.embedded.tomcat.TomcatWebServer  : Tomcat started on port(s): 8080 (http) with context path ''
2019-01-11 15:15:59.105  INFO 7672 --- [restartedMain] com.hrbtblog.blog.BlogApplication        : Started BlogApplication in 8.156 seconds (JVM running for 11.308)
2019-01-11 15:18:16.090  INFO 7672 --- [http-nio-8080-exec-1] o.a.c.c.C.[Tomcat].[localhost].[/]       : Initializing Spring DispatcherServlet 'dispatcherServlet'
2019-01-11 15:18:16.091  INFO 7672 --- [http-nio-8080-exec-1] o.s.web.servlet.DispatcherServlet        : Initializing Servlet 'dispatcherServlet'
2019-01-11 15:18:16.109  INFO 7672 --- [http-nio-8080-exec-1] o.s.web.servlet.DispatcherServlet        : Completed initialization in 15 ms
2019-01-11 15:18:57.782  INFO 9336 --- [restartedMain] com.hrbtblog.blog.BlogApplication        : Starting BlogApplication on WINDOWS-PLDDN38 with PID 9336 (C:\Users\shxt\IdeaProjects\gogs\blog\target\classes started by shxt in C:\Users\shxt\IdeaProjects\gogs\blog)
2019-01-11 15:18:57.789  INFO 9336 --- [restartedMain] com.hrbtblog.blog.BlogApplication        : No active profile set, falling back to default profiles: default
2019-01-11 15:18:58.019  INFO 9336 --- [restartedMain] .e.DevToolsPropertyDefaultsPostProcessor : Devtools property defaults active! Set 'spring.devtools.add-properties' to 'false' to disable
2019-01-11 15:18:58.020  INFO 9336 --- [restartedMain] .e.DevToolsPropertyDefaultsPostProcessor : For additional web related logging consider setting the 'logging.level.web' property to 'DEBUG'
2019-01-11 15:19:01.363  INFO 9336 --- [restartedMain] o.s.b.w.embedded.tomcat.TomcatWebServer  : Tomcat initialized with port(s): 8080 (http)
2019-01-11 15:19:01.399  INFO 9336 --- [restartedMain] o.apache.catalina.core.StandardService   : Starting service [Tomcat]
2019-01-11 15:19:01.400  INFO 9336 --- [restartedMain] org.apache.catalina.core.StandardEngine  : Starting Servlet Engine: Apache Tomcat/9.0.13
2019-01-11 15:19:01.412  INFO 9336 --- [restartedMain] o.a.catalina.core.AprLifecycleListener   : The APR based Apache Tomcat Native library which allows optimal performance in production environments was not found on the java.library.path: [C:\Program Files\Java\jdk1.8.0_144\bin;C:\Windows\Sun\Java\bin;C:\Windows\system32;C:\Windows;C:\ProgramData\Oracle\Java\javapath;C:\Windows\system32;C:\Windows;C:\Windows\System32\Wbem;C:\Windows\System32\WindowsPowerShell\v1.0\;C:\Program Files (x86)\VanDyke Software\Clients\;C:\Program Files\Java\jdk1.8.0_144\bin;C:\Program Files\Java\jdk1.8.0_144\jre\bin;C:\Program Files\Git\cmd;C:\Users\shxt\AppData\Local\Microsoft\WindowsApps;C:\Program Files (x86)\VanDyke Software\Clients\;.]
2019-01-11 15:19:01.560  INFO 9336 --- [restartedMain] o.a.c.c.C.[Tomcat].[localhost].[/]       : Initializing Spring embedded WebApplicationContext
2019-01-11 15:19:01.560  INFO 9336 --- [restartedMain] o.s.web.context.ContextLoader            : Root WebApplicationContext: initialization completed in 3540 ms
2019-01-11 15:19:02.018  INFO 9336 --- [restartedMain] o.s.s.concurrent.ThreadPoolTaskExecutor  : Initializing ExecutorService 'applicationTaskExecutor'
2019-01-11 15:19:02.300  WARN 9336 --- [restartedMain] org.thymeleaf.templatemode.TemplateMode  : [THYMELEAF][restartedMain] Template Mode 'LEGACYHTML5' is deprecated. Using Template Mode 'HTML' instead.
2019-01-11 15:19:02.352  INFO 9336 --- [restartedMain] o.s.b.a.w.s.WelcomePageHandlerMapping    : Adding welcome page: class path resource [static/index.html]
2019-01-11 15:19:02.523  INFO 9336 --- [restartedMain] o.s.b.d.a.OptionalLiveReloadServer       : LiveReload server is running on port 35729
2019-01-11 15:19:02.633  INFO 9336 --- [restartedMain] o.s.b.w.embedded.tomcat.TomcatWebServer  : Tomcat started on port(s): 8080 (http) with context path ''
2019-01-11 15:19:02.643  INFO 9336 --- [restartedMain] com.hrbtblog.blog.BlogApplication        : Started BlogApplication in 6.279 seconds (JVM running for 8.617)
2019-01-11 15:19:04.238  INFO 9336 --- [http-nio-8080-exec-2] o.a.c.c.C.[Tomcat].[localhost].[/]       : Initializing Spring DispatcherServlet 'dispatcherServlet'
2019-01-11 15:19:04.239  INFO 9336 --- [http-nio-8080-exec-2] o.s.web.servlet.DispatcherServlet        : Initializing Servlet 'dispatcherServlet'
2019-01-11 15:19:04.251  INFO 9336 --- [http-nio-8080-exec-2] o.s.web.servlet.DispatcherServlet        : Completed initialization in 11 ms
2019-01-11 15:19:46.854  INFO 4868 --- [restartedMain] com.hrbtblog.blog.BlogApplication        : Starting BlogApplication on WINDOWS-PLDDN38 with PID 4868 (C:\Users\shxt\IdeaProjects\gogs\blog\target\classes started by shxt in C:\Users\shxt\IdeaProjects\gogs\blog)
2019-01-11 15:19:46.875  INFO 4868 --- [restartedMain] com.hrbtblog.blog.BlogApplication        : No active profile set, falling back to default profiles: default
2019-01-11 15:19:47.012  INFO 4868 --- [restartedMain] .e.DevToolsPropertyDefaultsPostProcessor : Devtools property defaults active! Set 'spring.devtools.add-properties' to 'false' to disable
2019-01-11 15:19:47.022  INFO 4868 --- [restartedMain] .e.DevToolsPropertyDefaultsPostProcessor : For additional web related logging consider setting the 'logging.level.web' property to 'DEBUG'
2019-01-11 15:19:50.801  INFO 4868 --- [restartedMain] o.s.b.w.embedded.tomcat.TomcatWebServer  : Tomcat initialized with port(s): 8080 (http)
2019-01-11 15:19:50.866  INFO 4868 --- [restartedMain] o.apache.catalina.core.StandardService   : Starting service [Tomcat]
2019-01-11 15:19:50.869  INFO 4868 --- [restartedMain] org.apache.catalina.core.StandardEngine  : Starting Servlet Engine: Apache Tomcat/9.0.13
2019-01-11 15:19:50.889  INFO 4868 --- [restartedMain] o.a.catalina.core.AprLifecycleListener   : The APR based Apache Tomcat Native library which allows optimal performance in production environments was not found on the java.library.path: [C:\Program Files\Java\jdk1.8.0_144\bin;C:\Windows\Sun\Java\bin;C:\Windows\system32;C:\Windows;C:\ProgramData\Oracle\Java\javapath;C:\Windows\system32;C:\Windows;C:\Windows\System32\Wbem;C:\Windows\System32\WindowsPowerShell\v1.0\;C:\Program Files (x86)\VanDyke Software\Clients\;C:\Program Files\Java\jdk1.8.0_144\bin;C:\Program Files\Java\jdk1.8.0_144\jre\bin;C:\Program Files\Git\cmd;C:\Users\shxt\AppData\Local\Microsoft\WindowsApps;C:\Program Files (x86)\VanDyke Software\Clients\;.]
2019-01-11 15:19:51.117  INFO 4868 --- [restartedMain] o.a.c.c.C.[Tomcat].[localhost].[/]       : Initializing Spring embedded WebApplicationContext
2019-01-11 15:19:51.121  INFO 4868 --- [restartedMain] o.s.web.context.ContextLoader            : Root WebApplicationContext: initialization completed in 4090 ms
2019-01-11 15:19:51.584  INFO 4868 --- [restartedMain] o.s.s.concurrent.ThreadPoolTaskExecutor  : Initializing ExecutorService 'applicationTaskExecutor'
2019-01-11 15:19:51.746  WARN 4868 --- [restartedMain] org.thymeleaf.templatemode.TemplateMode  : [THYMELEAF][restartedMain] Template Mode 'LEGACYHTML5' is deprecated. Using Template Mode 'HTML' instead.
2019-01-11 15:19:51.783  INFO 4868 --- [restartedMain] o.s.b.a.w.s.WelcomePageHandlerMapping    : Adding welcome page: class path resource [static/index.html]
2019-01-11 15:19:52.009  INFO 4868 --- [restartedMain] o.s.b.d.a.OptionalLiveReloadServer       : LiveReload server is running on port 35729
2019-01-11 15:19:52.130  INFO 4868 --- [restartedMain] o.s.b.w.embedded.tomcat.TomcatWebServer  : Tomcat started on port(s): 8080 (http) with context path ''
2019-01-11 15:19:52.138  INFO 4868 --- [restartedMain] com.hrbtblog.blog.BlogApplication        : Started BlogApplication in 6.65 seconds (JVM running for 9.025)
2019-01-11 15:20:23.391  INFO 4868 --- [http-nio-8080-exec-1] o.a.c.c.C.[Tomcat].[localhost].[/]       : Initializing Spring DispatcherServlet 'dispatcherServlet'
2019-01-11 15:20:23.392  INFO 4868 --- [http-nio-8080-exec-1] o.s.web.servlet.DispatcherServlet        : Initializing Servlet 'dispatcherServlet'
2019-01-11 15:20:23.405  INFO 4868 --- [http-nio-8080-exec-1] o.s.web.servlet.DispatcherServlet        : Completed initialization in 12 ms
2019-01-11 15:29:30.148  INFO 668 --- [restartedMain] com.hrbtblog.blog.BlogApplication        : Starting BlogApplication on WINDOWS-PLDDN38 with PID 668 (C:\Users\shxt\IdeaProjects\gogs\blog\target\classes started by shxt in C:\Users\shxt\IdeaProjects\gogs\blog)
2019-01-11 15:29:30.319  INFO 668 --- [restartedMain] com.hrbtblog.blog.BlogApplication        : No active profile set, falling back to default profiles: default
2019-01-11 15:29:30.456  INFO 668 --- [restartedMain] .e.DevToolsPropertyDefaultsPostProcessor : Devtools property defaults active! Set 'spring.devtools.add-properties' to 'false' to disable
2019-01-11 15:29:30.456  INFO 668 --- [restartedMain] .e.DevToolsPropertyDefaultsPostProcessor : For additional web related logging consider setting the 'logging.level.web' property to 'DEBUG'
2019-01-11 15:29:34.857  INFO 668 --- [restartedMain] o.s.b.w.embedded.tomcat.TomcatWebServer  : Tomcat initialized with port(s): 8080 (http)
2019-01-11 15:29:34.933  INFO 668 --- [restartedMain] o.apache.catalina.core.StandardService   : Starting service [Tomcat]
2019-01-11 15:29:34.936  INFO 668 --- [restartedMain] org.apache.catalina.core.StandardEngine  : Starting Servlet Engine: Apache Tomcat/9.0.13
2019-01-11 15:29:34.951  INFO 668 --- [restartedMain] o.a.catalina.core.AprLifecycleListener   : The APR based Apache Tomcat Native library which allows optimal performance in production environments was not found on the java.library.path: [C:\Program Files\Java\jdk1.8.0_144\bin;C:\Windows\Sun\Java\bin;C:\Windows\system32;C:\Windows;C:\ProgramData\Oracle\Java\javapath;C:\Windows\system32;C:\Windows;C:\Windows\System32\Wbem;C:\Windows\System32\WindowsPowerShell\v1.0\;C:\Program Files (x86)\VanDyke Software\Clients\;C:\Program Files\Java\jdk1.8.0_144\bin;C:\Program Files\Java\jdk1.8.0_144\jre\bin;C:\Program Files\Git\cmd;C:\Users\shxt\AppData\Local\Microsoft\WindowsApps;C:\Program Files (x86)\VanDyke Software\Clients\;.]
2019-01-11 15:29:35.223  INFO 668 --- [restartedMain] o.a.c.c.C.[Tomcat].[localhost].[/]       : Initializing Spring embedded WebApplicationContext
2019-01-11 15:29:35.224  INFO 668 --- [restartedMain] o.s.web.context.ContextLoader            : Root WebApplicationContext: initialization completed in 4766 ms
2019-01-11 15:29:35.790  INFO 668 --- [restartedMain] o.s.s.concurrent.ThreadPoolTaskExecutor  : Initializing ExecutorService 'applicationTaskExecutor'
2019-01-11 15:29:36.034  WARN 668 --- [restartedMain] org.thymeleaf.templatemode.TemplateMode  : [THYMELEAF][restartedMain] Template Mode 'LEGACYHTML5' is deprecated. Using Template Mode 'HTML' instead.
2019-01-11 15:29:36.093  INFO 668 --- [restartedMain] o.s.b.a.w.s.WelcomePageHandlerMapping    : Adding welcome page: class path resource [static/index.html]
2019-01-11 15:29:36.226  INFO 668 --- [restartedMain] o.s.b.d.a.OptionalLiveReloadServer       : LiveReload server is running on port 35729
2019-01-11 15:29:36.355  INFO 668 --- [restartedMain] o.s.b.w.embedded.tomcat.TomcatWebServer  : Tomcat started on port(s): 8080 (http) with context path ''
2019-01-11 15:29:36.365  INFO 668 --- [restartedMain] com.hrbtblog.blog.BlogApplication        : Started BlogApplication in 7.782 seconds (JVM running for 10.505)
2019-01-11 15:29:59.094  INFO 668 --- [http-nio-8080-exec-1] o.a.c.c.C.[Tomcat].[localhost].[/]       : Initializing Spring DispatcherServlet 'dispatcherServlet'
2019-01-11 15:29:59.095  INFO 668 --- [http-nio-8080-exec-1] o.s.web.servlet.DispatcherServlet        : Initializing Servlet 'dispatcherServlet'
2019-01-11 15:29:59.107  INFO 668 --- [http-nio-8080-exec-1] o.s.web.servlet.DispatcherServlet        : Completed initialization in 9 ms
2019-01-11 15:43:40.671  INFO 9760 --- [restartedMain] com.hrbtblog.blog.BlogApplication        : Starting BlogApplication on WINDOWS-PLDDN38 with PID 9760 (C:\Users\shxt\IdeaProjects\gogs\blog\target\classes started by shxt in C:\Users\shxt\IdeaProjects\gogs\blog)
2019-01-11 15:43:40.676  INFO 9760 --- [restartedMain] com.hrbtblog.blog.BlogApplication        : No active profile set, falling back to default profiles: default
2019-01-11 15:43:41.017  INFO 9760 --- [restartedMain] .e.DevToolsPropertyDefaultsPostProcessor : Devtools property defaults active! Set 'spring.devtools.add-properties' to 'false' to disable
2019-01-11 15:43:41.018  INFO 9760 --- [restartedMain] .e.DevToolsPropertyDefaultsPostProcessor : For additional web related logging consider setting the 'logging.level.web' property to 'DEBUG'
2019-01-11 15:43:44.379  INFO 9760 --- [restartedMain] o.s.b.w.embedded.tomcat.TomcatWebServer  : Tomcat initialized with port(s): 8080 (http)
2019-01-11 15:43:44.425  INFO 9760 --- [restartedMain] o.apache.catalina.core.StandardService   : Starting service [Tomcat]
2019-01-11 15:43:44.426  INFO 9760 --- [restartedMain] org.apache.catalina.core.StandardEngine  : Starting Servlet Engine: Apache Tomcat/9.0.13
2019-01-11 15:43:44.441  INFO 9760 --- [restartedMain] o.a.catalina.core.AprLifecycleListener   : The APR based Apache Tomcat Native library which allows optimal performance in production environments was not found on the java.library.path: [C:\Program Files\Java\jdk1.8.0_144\bin;C:\Windows\Sun\Java\bin;C:\Windows\system32;C:\Windows;C:\ProgramData\Oracle\Java\javapath;C:\Windows\system32;C:\Windows;C:\Windows\System32\Wbem;C:\Windows\System32\WindowsPowerShell\v1.0\;C:\Program Files (x86)\VanDyke Software\Clients\;C:\Program Files\Java\jdk1.8.0_144\bin;C:\Program Files\Java\jdk1.8.0_144\jre\bin;C:\Program Files\Git\cmd;C:\Users\shxt\AppData\Local\Microsoft\WindowsApps;C:\Program Files (x86)\VanDyke Software\Clients\;.]
2019-01-11 15:43:44.671  INFO 9760 --- [restartedMain] o.a.c.c.C.[Tomcat].[localhost].[/]       : Initializing Spring embedded WebApplicationContext
2019-01-11 15:43:44.672  INFO 9760 --- [restartedMain] o.s.web.context.ContextLoader            : Root WebApplicationContext: initialization completed in 3654 ms
2019-01-11 15:43:45.110  INFO 9760 --- [restartedMain] o.s.s.concurrent.ThreadPoolTaskExecutor  : Initializing ExecutorService 'applicationTaskExecutor'
2019-01-11 15:43:45.362  WARN 9760 --- [restartedMain] org.thymeleaf.templatemode.TemplateMode  : [THYMELEAF][restartedMain] Template Mode 'LEGACYHTML5' is deprecated. Using Template Mode 'HTML' instead.
2019-01-11 15:43:45.421  INFO 9760 --- [restartedMain] o.s.b.a.w.s.WelcomePageHandlerMapping    : Adding welcome page: class path resource [static/index.html]
2019-01-11 15:43:45.578  INFO 9760 --- [restartedMain] o.s.b.d.a.OptionalLiveReloadServer       : LiveReload server is running on port 35729
2019-01-11 15:43:45.690  INFO 9760 --- [restartedMain] o.s.b.w.embedded.tomcat.TomcatWebServer  : Tomcat started on port(s): 8080 (http) with context path ''
2019-01-11 15:43:45.696  INFO 9760 --- [restartedMain] com.hrbtblog.blog.BlogApplication        : Started BlogApplication in 6.268 seconds (JVM running for 9.082)
2019-01-11 15:43:55.577  INFO 9760 --- [http-nio-8080-exec-1] o.a.c.c.C.[Tomcat].[localhost].[/]       : Initializing Spring DispatcherServlet 'dispatcherServlet'
2019-01-11 15:43:55.578  INFO 9760 --- [http-nio-8080-exec-1] o.s.web.servlet.DispatcherServlet        : Initializing Servlet 'dispatcherServlet'
2019-01-11 15:43:55.592  INFO 9760 --- [http-nio-8080-exec-1] o.s.web.servlet.DispatcherServlet        : Completed initialization in 11 ms
2019-01-11 15:44:44.511  INFO 4576 --- [restartedMain] com.hrbtblog.blog.BlogApplication        : Starting BlogApplication on WINDOWS-PLDDN38 with PID 4576 (C:\Users\shxt\IdeaProjects\gogs\blog\target\classes started by shxt in C:\Users\shxt\IdeaProjects\gogs\blog)
2019-01-11 15:44:44.518  INFO 4576 --- [restartedMain] com.hrbtblog.blog.BlogApplication        : No active profile set, falling back to default profiles: default
2019-01-11 15:44:44.778  INFO 4576 --- [restartedMain] .e.DevToolsPropertyDefaultsPostProcessor : Devtools property defaults active! Set 'spring.devtools.add-properties' to 'false' to disable
2019-01-11 15:44:44.779  INFO 4576 --- [restartedMain] .e.DevToolsPropertyDefaultsPostProcessor : For additional web related logging consider setting the 'logging.level.web' property to 'DEBUG'
2019-01-11 15:44:49.123  INFO 4576 --- [restartedMain] o.s.b.w.embedded.tomcat.TomcatWebServer  : Tomcat initialized with port(s): 8080 (http)
2019-01-11 15:44:49.176  INFO 4576 --- [restartedMain] o.apache.catalina.core.StandardService   : Starting service [Tomcat]
2019-01-11 15:44:49.177  INFO 4576 --- [restartedMain] org.apache.catalina.core.StandardEngine  : Starting Servlet Engine: Apache Tomcat/9.0.13
2019-01-11 15:44:49.193  INFO 4576 --- [restartedMain] o.a.catalina.core.AprLifecycleListener   : The APR based Apache Tomcat Native library which allows optimal performance in production environments was not found on the java.library.path: [C:\Program Files\Java\jdk1.8.0_144\bin;C:\Windows\Sun\Java\bin;C:\Windows\system32;C:\Windows;C:\ProgramData\Oracle\Java\javapath;C:\Windows\system32;C:\Windows;C:\Windows\System32\Wbem;C:\Windows\System32\WindowsPowerShell\v1.0\;C:\Program Files (x86)\VanDyke Software\Clients\;C:\Program Files\Java\jdk1.8.0_144\bin;C:\Program Files\Java\jdk1.8.0_144\jre\bin;C:\Program Files\Git\cmd;C:\Users\shxt\AppData\Local\Microsoft\WindowsApps;C:\Program Files (x86)\VanDyke Software\Clients\;.]
2019-01-11 15:44:49.576  INFO 4576 --- [restartedMain] o.a.c.c.C.[Tomcat].[localhost].[/]       : Initializing Spring embedded WebApplicationContext
2019-01-11 15:44:49.577  INFO 4576 --- [restartedMain] o.s.web.context.ContextLoader            : Root WebApplicationContext: initialization completed in 4798 ms
2019-01-11 15:44:50.249  INFO 4576 --- [restartedMain] o.s.s.concurrent.ThreadPoolTaskExecutor  : Initializing ExecutorService 'applicationTaskExecutor'
2019-01-11 15:44:50.575  WARN 4576 --- [restartedMain] org.thymeleaf.templatemode.TemplateMode  : [THYMELEAF][restartedMain] Template Mode 'LEGACYHTML5' is deprecated. Using Template Mode 'HTML' instead.
2019-01-11 15:44:50.633  INFO 4576 --- [restartedMain] o.s.b.a.w.s.WelcomePageHandlerMapping    : Adding welcome page: class path resource [static/index.html]
2019-01-11 15:44:50.909  INFO 4576 --- [restartedMain] o.s.b.d.a.OptionalLiveReloadServer       : LiveReload server is running on port 35729
2019-01-11 15:44:51.083  INFO 4576 --- [restartedMain] o.s.b.w.embedded.tomcat.TomcatWebServer  : Tomcat started on port(s): 8080 (http) with context path ''
2019-01-11 15:44:51.093  INFO 4576 --- [restartedMain] com.hrbtblog.blog.BlogApplication        : Started BlogApplication in 8.209 seconds (JVM running for 11.099)
2019-01-11 15:44:51.572  INFO 4576 --- [http-nio-8080-exec-1] o.a.c.c.C.[Tomcat].[localhost].[/]       : Initializing Spring DispatcherServlet 'dispatcherServlet'
2019-01-11 15:44:51.573  INFO 4576 --- [http-nio-8080-exec-1] o.s.web.servlet.DispatcherServlet        : Initializing Servlet 'dispatcherServlet'
2019-01-11 15:44:51.599  INFO 4576 --- [http-nio-8080-exec-1] o.s.web.servlet.DispatcherServlet        : Completed initialization in 18 ms
2019-01-11 15:46:45.130  INFO 10400 --- [restartedMain] com.hrbtblog.blog.BlogApplication        : Starting BlogApplication on WINDOWS-PLDDN38 with PID 10400 (C:\Users\shxt\IdeaProjects\gogs\blog\target\classes started by shxt in C:\Users\shxt\IdeaProjects\gogs\blog)
2019-01-11 15:46:45.189  INFO 10400 --- [restartedMain] com.hrbtblog.blog.BlogApplication        : No active profile set, falling back to default profiles: default
2019-01-11 15:46:45.373  INFO 10400 --- [restartedMain] .e.DevToolsPropertyDefaultsPostProcessor : Devtools property defaults active! Set 'spring.devtools.add-properties' to 'false' to disable
2019-01-11 15:46:45.373  INFO 10400 --- [restartedMain] .e.DevToolsPropertyDefaultsPostProcessor : For additional web related logging consider setting the 'logging.level.web' property to 'DEBUG'
2019-01-11 15:46:49.707  INFO 10400 --- [restartedMain] o.s.b.w.embedded.tomcat.TomcatWebServer  : Tomcat initialized with port(s): 8080 (http)
2019-01-11 15:46:49.770  INFO 10400 --- [restartedMain] o.apache.catalina.core.StandardService   : Starting service [Tomcat]
2019-01-11 15:46:49.771  INFO 10400 --- [restartedMain] org.apache.catalina.core.StandardEngine  : Starting Servlet Engine: Apache Tomcat/9.0.13
2019-01-11 15:46:49.790  INFO 10400 --- [restartedMain] o.a.catalina.core.AprLifecycleListener   : The APR based Apache Tomcat Native library which allows optimal performance in production environments was not found on the java.library.path: [C:\Program Files\Java\jdk1.8.0_144\bin;C:\Windows\Sun\Java\bin;C:\Windows\system32;C:\Windows;C:\ProgramData\Oracle\Java\javapath;C:\Windows\system32;C:\Windows;C:\Windows\System32\Wbem;C:\Windows\System32\WindowsPowerShell\v1.0\;C:\Program Files (x86)\VanDyke Software\Clients\;C:\Program Files\Java\jdk1.8.0_144\bin;C:\Program Files\Java\jdk1.8.0_144\jre\bin;C:\Program Files\Git\cmd;C:\Users\shxt\AppData\Local\Microsoft\WindowsApps;C:\Program Files (x86)\VanDyke Software\Clients\;.]
2019-01-11 15:46:50.048  INFO 10400 --- [restartedMain] o.a.c.c.C.[Tomcat].[localhost].[/]       : Initializing Spring embedded WebApplicationContext
2019-01-11 15:46:50.049  INFO 10400 --- [restartedMain] o.s.web.context.ContextLoader            : Root WebApplicationContext: initialization completed in 4674 ms
2019-01-11 15:46:50.660  INFO 10400 --- [restartedMain] o.s.s.concurrent.ThreadPoolTaskExecutor  : Initializing ExecutorService 'applicationTaskExecutor'
2019-01-11 15:46:50.873  WARN 10400 --- [restartedMain] org.thymeleaf.templatemode.TemplateMode  : [THYMELEAF][restartedMain] Template Mode 'LEGACYHTML5' is deprecated. Using Template Mode 'HTML' instead.
2019-01-11 15:46:50.936  INFO 10400 --- [restartedMain] o.s.b.a.w.s.WelcomePageHandlerMapping    : Adding welcome page: class path resource [static/index.html]
2019-01-11 15:46:51.124  INFO 10400 --- [restartedMain] o.s.b.d.a.OptionalLiveReloadServer       : LiveReload server is running on port 35729
2019-01-11 15:46:51.310  INFO 10400 --- [restartedMain] o.s.b.w.embedded.tomcat.TomcatWebServer  : Tomcat started on port(s): 8080 (http) with context path ''
2019-01-11 15:46:51.319  INFO 10400 --- [restartedMain] com.hrbtblog.blog.BlogApplication        : Started BlogApplication in 7.158 seconds (JVM running for 9.695)
2019-01-11 15:47:03.002  INFO 10400 --- [http-nio-8080-exec-1] o.a.c.c.C.[Tomcat].[localhost].[/]       : Initializing Spring DispatcherServlet 'dispatcherServlet'
2019-01-11 15:47:03.004  INFO 10400 --- [http-nio-8080-exec-1] o.s.web.servlet.DispatcherServlet        : Initializing Servlet 'dispatcherServlet'
2019-01-11 15:47:03.017  INFO 10400 --- [http-nio-8080-exec-1] o.s.web.servlet.DispatcherServlet        : Completed initialization in 11 ms
